#
# There is insufficient memory for the Java Runtime Environment to continue.
# Native memory allocation (mmap) failed to map 629145600 bytes for G1 virtual space
# Possible reasons:
#   The system is out of physical RAM or swap space
#   The process is running with CompressedOops enabled, and the Java Heap may be blocking the growth of the native heap
# Possible solutions:
#   Reduce memory load on the system
#   Increase physical memory or swap space
#   Check if swap backing store is full
#   Decrease Java heap size (-Xmx/-Xms)
#   Decrease number of Java threads
#   Decrease Java thread stack sizes (-Xss)
#   Set larger code cache with -XX:ReservedCodeCacheSize=
#   JVM is running with Unscaled Compressed Oops mode in which the Java heap is
#     placed in the first 4GB address space. The Java Heap base address is the
#     maximum limit for the native heap growth. Please use -XX:HeapBaseMinAddress
#     to set the Java Heap base and to place the Java Heap above 4GB virtual address.
# This output file may be truncated or incomplete.
#
#  Out of Memory Error (os_windows.cpp:3536), pid=189756, tid=193580
#
# JRE version: Java(TM) SE Runtime Environment (19.0.2+7) (build 19.0.2+7-44)
# Java VM: Java HotSpot(TM) 64-Bit Server VM (19.0.2+7-44, mixed mode, emulated-client, sharing, tiered, compressed oops, compressed class ptrs, g1 gc, windows-amd64)
# No core dump will be written. Minidumps are not enabled by default on client versions of Windows
#

---------------  S U M M A R Y ------------

Command Line: -XX:TieredStopAtLevel=1 -Dspring.output.ansi.enabled=always -Dcom.sun.management.jmxremote -Dspring.jmx.enabled=true -Dspring.liveBeansView.mbeanDomain -Dspring.application.admin.enabled=true -Dmanagement.endpoints.jmx.exposure.include=* -javaagent:C:\Program Files\JetBrains\IntelliJ IDEA 2023.3.2\lib\idea_rt.jar=59846:C:\Program Files\JetBrains\IntelliJ IDEA 2023.3.2\bin -Dfile.encoding=UTF-8 -Dsun.stdout.encoding=UTF-8 -Dsun.stderr.encoding=UTF-8 com.prjt.egalisation.EgalisationApplication

Host: Intel(R) Core(TM) i5-6300U CPU @ 2.40GHz, 4 cores, 7G,  Windows 10 , 64 bit Build 19041 (10.0.19041.3636)
Time: Sun Dec 24 22:32:31 2023 Maroc (heure d64 bit Build 19041 (10.0.19041.3636) elapsed time: 858.871453 seconds (0d 0h 14m 18s)

---------------  T H R E A D  ---------------

Current thread (0x0000022e7f05fb40):  VMThread "VM Thread" [stack: 0x000000ac06300000,0x000000ac06400000] [id=193580]

Stack: [0x000000ac06300000,0x000000ac06400000]
Native frames: (J=compiled Java code, j=interpreted, Vv=VM code, C=native code)
V  [jvm.dll+0x6ee21a]
V  [jvm.dll+0x85765e]
V  [jvm.dll+0x85904e]
V  [jvm.dll+0x859703]
V  [jvm.dll+0x28298f]
V  [jvm.dll+0x6eb009]
V  [jvm.dll+0x6dfbaa]
V  [jvm.dll+0x3573f6]
V  [jvm.dll+0x35ee56]
V  [jvm.dll+0x3b541e]
V  [jvm.dll+0x3b564f]
V  [jvm.dll+0x32c9ea]
V  [jvm.dll+0x32ca97]
V  [jvm.dll+0x374cd2]
V  [jvm.dll+0x37340f]
V  [jvm.dll+0x32c210]
V  [jvm.dll+0x3729ab]
V  [jvm.dll+0x85ebc3]
V  [jvm.dll+0x85f989]
V  [jvm.dll+0x85febd]
V  [jvm.dll+0x86034b]
V  [jvm.dll+0x860407]
V  [jvm.dll+0x80125a]
V  [jvm.dll+0x6ecf0b]
C  [ucrtbase.dll+0x21bb2]
C  [KERNEL32.DLL+0x17344]
C  [ntdll.dll+0x526b1]

VM_Operation (0x000000ac085fc8e0): G1CollectForAllocation, mode: safepoint, requested by thread 0x0000022e166ab070


---------------  P R O C E S S  ---------------

Threads class SMR info:
_java_thread_list=0x0000022e1796ae70, length=31, elements={
0x0000022e7f0784d0, 0x0000022e7f079260, 0x0000022e7f07bb50, 0x0000022e7f07c700,
0x0000022e7f07dba0, 0x0000022e7f07e750, 0x0000022e7f081490, 0x0000022e7f07f080,
0x0000022e7f04d8f0, 0x0000022e15059f40, 0x0000022e1505ac90, 0x0000022e151e1600,
0x0000022e152c7b00, 0x0000022e155ecbb0, 0x0000022e1651a9d0, 0x0000022e164a2760,
0x0000022e15ee3490, 0x0000022e166ac060, 0x0000022e166ae040, 0x0000022e166ae590,
0x0000022e166abb10, 0x0000022e166ad5a0, 0x0000022e166ac5b0, 0x0000022e166adaf0,
0x0000022e166ad050, 0x0000022e166ab070, 0x0000022e166acb00, 0x0000022e166ab5c0,
0x0000022e16e8b5c0, 0x0000022e16e8a080, 0x0000022e16e8daf0
}

Java Threads: ( => current thread )
  0x0000022e7f0784d0 JavaThread "Reference Handler" daemon [_thread_blocked, id=186104, stack(0x000000ac06400000,0x000000ac06500000)]
  0x0000022e7f079260 JavaThread "Finalizer" daemon [_thread_blocked, id=138696, stack(0x000000ac06500000,0x000000ac06600000)]
  0x0000022e7f07bb50 JavaThread "Signal Dispatcher" daemon [_thread_blocked, id=185048, stack(0x000000ac06600000,0x000000ac06700000)]
  0x0000022e7f07c700 JavaThread "Attach Listener" daemon [_thread_blocked, id=190968, stack(0x000000ac06700000,0x000000ac06800000)]
  0x0000022e7f07dba0 JavaThread "Service Thread" daemon [_thread_blocked, id=177216, stack(0x000000ac06800000,0x000000ac06900000)]
  0x0000022e7f07e750 JavaThread "Monitor Deflation Thread" daemon [_thread_blocked, id=183632, stack(0x000000ac06900000,0x000000ac06a00000)]
  0x0000022e7f081490 JavaThread "C1 CompilerThread0" daemon [_thread_blocked, id=187176, stack(0x000000ac06a00000,0x000000ac06b00000)]
  0x0000022e7f07f080 JavaThread "Sweeper thread" daemon [_thread_blocked, id=192692, stack(0x000000ac06b00000,0x000000ac06c00000)]
  0x0000022e7f04d8f0 JavaThread "Common-Cleaner" daemon [_thread_blocked, id=182864, stack(0x000000ac06c00000,0x000000ac06d00000)]
  0x0000022e15059f40 JavaThread "Monitor Ctrl-Break" daemon [_thread_in_native, id=192592, stack(0x000000ac06f00000,0x000000ac07000000)]
  0x0000022e1505ac90 JavaThread "Notification Thread" daemon [_thread_blocked, id=194236, stack(0x000000ac07000000,0x000000ac07100000)]
  0x0000022e151e1600 JavaThread "RMI TCP Accept-0" daemon [_thread_in_native, id=193956, stack(0x000000ac07400000,0x000000ac07500000)]
  0x0000022e152c7b00 JavaThread "RMI Scheduler(0)" daemon [_thread_blocked, id=174748, stack(0x000000ac07700000,0x000000ac07800000)]
  0x0000022e155ecbb0 JavaThread "Catalina-utility-1" [_thread_blocked, id=143108, stack(0x000000ac07800000,0x000000ac07900000)]
  0x0000022e1651a9d0 JavaThread "Catalina-utility-2" [_thread_blocked, id=188072, stack(0x000000ac07900000,0x000000ac07a00000)]
  0x0000022e164a2760 JavaThread "container-0" [_thread_blocked, id=191104, stack(0x000000ac07a00000,0x000000ac07b00000)]
  0x0000022e15ee3490 JavaThread "mysql-cj-abandoned-connection-cleanup" daemon [_thread_blocked, id=187068, stack(0x000000ac07b00000,0x000000ac07c00000)]
  0x0000022e166ac060 JavaThread "HikariPool-1 housekeeper" daemon [_thread_blocked, id=191660, stack(0x000000ac07c00000,0x000000ac07d00000)]
  0x0000022e166ae040 JavaThread "http-nio-8088-exec-1" daemon [_thread_blocked, id=194552, stack(0x000000ac07e00000,0x000000ac07f00000)]
  0x0000022e166ae590 JavaThread "http-nio-8088-exec-2" daemon [_thread_blocked, id=188828, stack(0x000000ac07f00000,0x000000ac08000000)]
  0x0000022e166abb10 JavaThread "http-nio-8088-exec-3" daemon [_thread_blocked, id=188044, stack(0x000000ac08000000,0x000000ac08100000)]
  0x0000022e166ad5a0 JavaThread "http-nio-8088-exec-4" daemon [_thread_blocked, id=192204, stack(0x000000ac08100000,0x000000ac08200000)]
  0x0000022e166ac5b0 JavaThread "http-nio-8088-exec-5" daemon [_thread_blocked, id=193036, stack(0x000000ac08200000,0x000000ac08300000)]
  0x0000022e166adaf0 JavaThread "http-nio-8088-exec-6" daemon [_thread_blocked, id=193876, stack(0x000000ac08300000,0x000000ac08400000)]
  0x0000022e166ad050 JavaThread "http-nio-8088-exec-7" daemon [_thread_blocked, id=187924, stack(0x000000ac08400000,0x000000ac08500000)]
  0x0000022e166ab070 JavaThread "http-nio-8088-exec-8" daemon [_thread_blocked, id=188812, stack(0x000000ac08500000,0x000000ac08600000)]
  0x0000022e166acb00 JavaThread "http-nio-8088-exec-9" daemon [_thread_blocked, id=3512, stack(0x000000ac08600000,0x000000ac08700000)]
  0x0000022e166ab5c0 JavaThread "http-nio-8088-exec-10" daemon [_thread_blocked, id=192900, stack(0x000000ac08700000,0x000000ac08800000)]
  0x0000022e16e8b5c0 JavaThread "http-nio-8088-Poller" daemon [_thread_in_native, id=17280, stack(0x000000ac08800000,0x000000ac08900000)]
  0x0000022e16e8a080 JavaThread "http-nio-8088-Acceptor" daemon [_thread_in_native, id=194320, stack(0x000000ac08900000,0x000000ac08a00000)]
  0x0000022e16e8daf0 JavaThread "DestroyJavaVM" [_thread_blocked, id=192192, stack(0x000000ac05d00000,0x000000ac05e00000)]

Other Threads:
=>0x0000022e7f05fb40 VMThread "VM Thread" [stack: 0x000000ac06300000,0x000000ac06400000] [id=193580]
  0x0000022e7e0ca030 WatcherThread "VM Periodic Task Thread" [stack: 0x000000ac07500000,0x000000ac07600000] [id=193644]
  0x0000022e7e1244f0 WorkerThread "GC Thread#0" [stack: 0x000000ac05e00000,0x000000ac05f00000] [id=17212]
  0x0000022e151724c0 WorkerThread "GC Thread#1" [stack: 0x000000ac07100000,0x000000ac07200000] [id=187244]
  0x0000022e15189e10 WorkerThread "GC Thread#2" [stack: 0x000000ac07200000,0x000000ac07300000] [id=192616]
  0x0000022e1518a0e0 WorkerThread "GC Thread#3" [stack: 0x000000ac07300000,0x000000ac07400000] [id=192820]
  0x0000022e7e1350f0 ConcurrentGCThread "G1 Main Marker" [stack: 0x000000ac05f00000,0x000000ac06000000] [id=162612]
  0x0000022e7e135bd0 WorkerThread "G1 Conc#0" [stack: 0x000000ac06000000,0x000000ac06100000] [id=8840]
  0x0000022e7e16d970 ConcurrentGCThread "G1 Refine#0" [stack: 0x000000ac06100000,0x000000ac06200000] [id=193812]
  0x0000022e7ef195e0 ConcurrentGCThread "G1 Service" [stack: 0x000000ac06200000,0x000000ac06300000] [id=142732]

Threads with active compile tasks:

VM state: at safepoint (normal execution)

VM Mutex/Monitor currently owned by a thread:  ([mutex/lock_event])
[0x0000022e7e0c4ee0] Threads_lock - owner thread: 0x0000022e7f05fb40
[0x0000022e7e0c4160] Heap_lock - owner thread: 0x0000022e166ab070

Heap address: 0x0000000089400000, size: 1900 MB, Compressed Oops mode: 32-bit

CDS archive(s) mapped at: [0x0000000800000000-0x0000000800c40000-0x0000000800c40000), size 12845056, SharedBaseAddress: 0x0000000800000000, ArchiveRelocationMode: 0.
Compressed class space mapped at: 0x0000000801000000-0x0000000841000000, reserved size: 1073741824
Narrow klass base: 0x0000000800000000, Narrow klass shift: 0, Narrow klass range: 0x100000000

GC Precious Log:
 CardTable entry size: 512
 Card Set container configuration: InlinePtr #cards 5 size 8 Array Of Cards #cards 12 size 40 Howl #buckets 4 coarsen threshold 1843 Howl Bitmap #cards 512 size 80 coarsen threshold 460 Card regions per heap region 1 cards per card region 2048
 CPUs: 4 total, 4 available
 Memory: 7592M
 Large Page Support: Disabled
 NUMA Support: Disabled
 Compressed Oops: Enabled (32-bit)
 Heap Region Size: 1M
 Heap Min Capacity: 8M
 Heap Initial Capacity: 120M
 Heap Max Capacity: 1900M
 Pre-touch: Disabled
 Parallel Workers: 4
 Concurrent Workers: 1
 Concurrent Refinement Workers: 4
 Periodic GC: Disabled

Heap:
 garbage-first heap   total 307200K, used 220613K [0x0000000089400000, 0x0000000100000000)
  region size 1024K, 1 young (1024K), 1 survivors (1024K)
 Metaspace       used 76477K, committed 77120K, reserved 1179648K
  class space    used 10537K, committed 10816K, reserved 1048576K

Heap Regions: E=young(eden), S=young(survivor), O=old, HS=humongous(starts), HC=humongous(continues), CS=collection set, F=free, OA=open archive, CA=closed archive, TAMS=top-at-mark-start (previous, next)
|   0|0x0000000089400000, 0x0000000089500000, 0x0000000089500000|100%|HS|  |TAMS 0x0000000089500000, 0x0000000089500000| Complete 
|   1|0x0000000089500000, 0x00000000895fa000, 0x0000000089600000| 97%| O|  |TAMS 0x00000000895fa000, 0x00000000895fa000| Untracked 
|   2|0x0000000089600000, 0x0000000089700000, 0x0000000089700000|100%| O|  |TAMS 0x0000000089700000, 0x0000000089700000| Untracked 
|   3|0x0000000089700000, 0x0000000089800000, 0x0000000089800000|100%| O|  |TAMS 0x0000000089800000, 0x0000000089800000| Untracked 
|   4|0x0000000089800000, 0x0000000089900000, 0x0000000089900000|100%| O|  |TAMS 0x0000000089900000, 0x0000000089900000| Untracked 
|   5|0x0000000089900000, 0x0000000089a00000, 0x0000000089a00000|100%| O|  |TAMS 0x0000000089a00000, 0x0000000089a00000| Untracked 
|   6|0x0000000089a00000, 0x0000000089b00000, 0x0000000089b00000|100%| O|  |TAMS 0x0000000089b00000, 0x0000000089b00000| Untracked 
|   7|0x0000000089b00000, 0x0000000089c00000, 0x0000000089c00000|100%| O|  |TAMS 0x0000000089c00000, 0x0000000089c00000| Untracked 
|   8|0x0000000089c00000, 0x0000000089d00000, 0x0000000089d00000|100%|HS|  |TAMS 0x0000000089c00000, 0x0000000089d00000| Complete 
|   9|0x0000000089d00000, 0x0000000089e00000, 0x0000000089e00000|100%| O|  |TAMS 0x0000000089e00000, 0x0000000089e00000| Untracked 
|  10|0x0000000089e00000, 0x0000000089e00000, 0x0000000089f00000|  0%| F|  |TAMS 0x0000000089e00000, 0x0000000089e00000| Untracked 
|  11|0x0000000089f00000, 0x000000008a000000, 0x000000008a000000|100%| O|  |TAMS 0x000000008a000000, 0x000000008a000000| Untracked 
|  12|0x000000008a000000, 0x000000008a100000, 0x000000008a100000|100%| O|  |TAMS 0x000000008a100000, 0x000000008a100000| Untracked 
|  13|0x000000008a100000, 0x000000008a200000, 0x000000008a200000|100%| O|  |TAMS 0x000000008a200000, 0x000000008a200000| Untracked 
|  14|0x000000008a200000, 0x000000008a300000, 0x000000008a300000|100%| O|  |TAMS 0x000000008a300000, 0x000000008a300000| Untracked 
|  15|0x000000008a300000, 0x000000008a400000, 0x000000008a400000|100%| O|  |TAMS 0x000000008a400000, 0x000000008a400000| Untracked 
|  16|0x000000008a400000, 0x000000008a500000, 0x000000008a500000|100%| O|  |TAMS 0x000000008a500000, 0x000000008a500000| Untracked 
|  17|0x000000008a500000, 0x000000008a600000, 0x000000008a600000|100%| O|  |TAMS 0x000000008a600000, 0x000000008a600000| Untracked 
|  18|0x000000008a600000, 0x000000008a600000, 0x000000008a700000|  0%| F|  |TAMS 0x000000008a600000, 0x000000008a600000| Untracked 
|  19|0x000000008a700000, 0x000000008a800000, 0x000000008a800000|100%| O|  |TAMS 0x000000008a800000, 0x000000008a800000| Untracked 
|  20|0x000000008a800000, 0x000000008a900000, 0x000000008a900000|100%| O|  |TAMS 0x000000008a900000, 0x000000008a900000| Untracked 
|  21|0x000000008a900000, 0x000000008aa00000, 0x000000008aa00000|100%| O|  |TAMS 0x000000008aa00000, 0x000000008aa00000| Untracked 
|  22|0x000000008aa00000, 0x000000008ab00000, 0x000000008ab00000|100%| O|  |TAMS 0x000000008ab00000, 0x000000008ab00000| Untracked 
|  23|0x000000008ab00000, 0x000000008ac00000, 0x000000008ac00000|100%| O|  |TAMS 0x000000008ac00000, 0x000000008ac00000| Untracked 
|  24|0x000000008ac00000, 0x000000008ad00000, 0x000000008ad00000|100%| O|  |TAMS 0x000000008ad00000, 0x000000008ad00000| Untracked 
|  25|0x000000008ad00000, 0x000000008ae00000, 0x000000008ae00000|100%| O|  |TAMS 0x000000008ae00000, 0x000000008ae00000| Untracked 
|  26|0x000000008ae00000, 0x000000008af00000, 0x000000008af00000|100%| O|  |TAMS 0x000000008af00000, 0x000000008af00000| Untracked 
|  27|0x000000008af00000, 0x000000008b000000, 0x000000008b000000|100%| O|  |TAMS 0x000000008b000000, 0x000000008b000000| Untracked 
|  28|0x000000008b000000, 0x000000008b100000, 0x000000008b100000|100%| O|  |TAMS 0x000000008b100000, 0x000000008b100000| Untracked 
|  29|0x000000008b100000, 0x000000008b200000, 0x000000008b200000|100%| O|  |TAMS 0x000000008b200000, 0x000000008b200000| Untracked 
|  30|0x000000008b200000, 0x000000008b300000, 0x000000008b300000|100%| O|  |TAMS 0x000000008b2d7a00, 0x000000008b300000| Untracked 
|  31|0x000000008b300000, 0x000000008b400000, 0x000000008b400000|100%| O|  |TAMS 0x000000008b300000, 0x000000008b400000| Untracked 
|  32|0x000000008b400000, 0x000000008b500000, 0x000000008b500000|100%|HS|  |TAMS 0x000000008b400000, 0x000000008b500000| Complete 
|  33|0x000000008b500000, 0x000000008b600000, 0x000000008b600000|100%|HC|  |TAMS 0x000000008b500000, 0x000000008b600000| Complete 
|  34|0x000000008b600000, 0x000000008b700000, 0x000000008b700000|100%| O|  |TAMS 0x000000008b700000, 0x000000008b700000| Untracked 
|  35|0x000000008b700000, 0x000000008b800000, 0x000000008b800000|100%| O|  |TAMS 0x000000008b800000, 0x000000008b800000| Untracked 
|  36|0x000000008b800000, 0x000000008b900000, 0x000000008b900000|100%|HS|  |TAMS 0x000000008b800000, 0x000000008b900000| Complete 
|  37|0x000000008b900000, 0x000000008ba00000, 0x000000008ba00000|100%| O|  |TAMS 0x000000008ba00000, 0x000000008ba00000| Untracked 
|  38|0x000000008ba00000, 0x000000008bb00000, 0x000000008bb00000|100%|HS|  |TAMS 0x000000008ba00000, 0x000000008bb00000| Complete 
|  39|0x000000008bb00000, 0x000000008bc00000, 0x000000008bc00000|100%|HC|  |TAMS 0x000000008bb00000, 0x000000008bc00000| Complete 
|  40|0x000000008bc00000, 0x000000008bd00000, 0x000000008bd00000|100%|HC|  |TAMS 0x000000008bc00000, 0x000000008bd00000| Complete 
|  41|0x000000008bd00000, 0x000000008be00000, 0x000000008be00000|100%|HC|  |TAMS 0x000000008bd00000, 0x000000008be00000| Complete 
|  42|0x000000008be00000, 0x000000008bf00000, 0x000000008bf00000|100%|HC|  |TAMS 0x000000008be00000, 0x000000008bf00000| Complete 
|  43|0x000000008bf00000, 0x000000008c000000, 0x000000008c000000|100%|HC|  |TAMS 0x000000008bf00000, 0x000000008c000000| Complete 
|  44|0x000000008c000000, 0x000000008c100000, 0x000000008c100000|100%|HC|  |TAMS 0x000000008c000000, 0x000000008c100000| Complete 
|  45|0x000000008c100000, 0x000000008c200000, 0x000000008c200000|100%|HC|  |TAMS 0x000000008c100000, 0x000000008c200000| Complete 
|  46|0x000000008c200000, 0x000000008c300000, 0x000000008c300000|100%|HC|  |TAMS 0x000000008c200000, 0x000000008c300000| Complete 
|  47|0x000000008c300000, 0x000000008c400000, 0x000000008c400000|100%|HC|  |TAMS 0x000000008c300000, 0x000000008c400000| Complete 
|  48|0x000000008c400000, 0x000000008c500000, 0x000000008c500000|100%|HC|  |TAMS 0x000000008c400000, 0x000000008c500000| Complete 
|  49|0x000000008c500000, 0x000000008c600000, 0x000000008c600000|100%|HC|  |TAMS 0x000000008c500000, 0x000000008c600000| Complete 
|  50|0x000000008c600000, 0x000000008c700000, 0x000000008c700000|100%|HC|  |TAMS 0x000000008c600000, 0x000000008c700000| Complete 
|  51|0x000000008c700000, 0x000000008c800000, 0x000000008c800000|100%|HC|  |TAMS 0x000000008c700000, 0x000000008c800000| Complete 
|  52|0x000000008c800000, 0x000000008c900000, 0x000000008c900000|100%|HC|  |TAMS 0x000000008c800000, 0x000000008c900000| Complete 
|  53|0x000000008c900000, 0x000000008ca00000, 0x000000008ca00000|100%|HC|  |TAMS 0x000000008c900000, 0x000000008ca00000| Complete 
|  54|0x000000008ca00000, 0x000000008cb00000, 0x000000008cb00000|100%|HC|  |TAMS 0x000000008ca00000, 0x000000008cb00000| Complete 
|  55|0x000000008cb00000, 0x000000008cc00000, 0x000000008cc00000|100%|HC|  |TAMS 0x000000008cb00000, 0x000000008cc00000| Complete 
|  56|0x000000008cc00000, 0x000000008cd00000, 0x000000008cd00000|100%|HC|  |TAMS 0x000000008cc00000, 0x000000008cd00000| Complete 
|  57|0x000000008cd00000, 0x000000008ce00000, 0x000000008ce00000|100%|HC|  |TAMS 0x000000008cd00000, 0x000000008ce00000| Complete 
|  58|0x000000008ce00000, 0x000000008cf00000, 0x000000008cf00000|100%|HC|  |TAMS 0x000000008ce00000, 0x000000008cf00000| Complete 
|  59|0x000000008cf00000, 0x000000008d000000, 0x000000008d000000|100%|HC|  |TAMS 0x000000008cf00000, 0x000000008d000000| Complete 
|  60|0x000000008d000000, 0x000000008d100000, 0x000000008d100000|100%|HC|  |TAMS 0x000000008d000000, 0x000000008d100000| Complete 
|  61|0x000000008d100000, 0x000000008d200000, 0x000000008d200000|100%|HC|  |TAMS 0x000000008d100000, 0x000000008d200000| Complete 
|  62|0x000000008d200000, 0x000000008d300000, 0x000000008d300000|100%|HC|  |TAMS 0x000000008d200000, 0x000000008d300000| Complete 
|  63|0x000000008d300000, 0x000000008d400000, 0x000000008d400000|100%|HC|  |TAMS 0x000000008d300000, 0x000000008d400000| Complete 
|  64|0x000000008d400000, 0x000000008d500000, 0x000000008d500000|100%|HC|  |TAMS 0x000000008d400000, 0x000000008d500000| Complete 
|  65|0x000000008d500000, 0x000000008d600000, 0x000000008d600000|100%|HC|  |TAMS 0x000000008d500000, 0x000000008d600000| Complete 
|  66|0x000000008d600000, 0x000000008d700000, 0x000000008d700000|100%|HC|  |TAMS 0x000000008d600000, 0x000000008d700000| Complete 
|  67|0x000000008d700000, 0x000000008d800000, 0x000000008d800000|100%|HC|  |TAMS 0x000000008d700000, 0x000000008d800000| Complete 
|  68|0x000000008d800000, 0x000000008d900000, 0x000000008d900000|100%|HC|  |TAMS 0x000000008d800000, 0x000000008d900000| Complete 
|  69|0x000000008d900000, 0x000000008da00000, 0x000000008da00000|100%|HC|  |TAMS 0x000000008d900000, 0x000000008da00000| Complete 
|  70|0x000000008da00000, 0x000000008db00000, 0x000000008db00000|100%|HC|  |TAMS 0x000000008da00000, 0x000000008db00000| Complete 
|  71|0x000000008db00000, 0x000000008dc00000, 0x000000008dc00000|100%|HC|  |TAMS 0x000000008db00000, 0x000000008dc00000| Complete 
|  72|0x000000008dc00000, 0x000000008dd00000, 0x000000008dd00000|100%|HC|  |TAMS 0x000000008dc00000, 0x000000008dd00000| Complete 
|  73|0x000000008dd00000, 0x000000008de00000, 0x000000008de00000|100%|HC|  |TAMS 0x000000008dd00000, 0x000000008de00000| Complete 
|  74|0x000000008de00000, 0x000000008df00000, 0x000000008df00000|100%|HC|  |TAMS 0x000000008de00000, 0x000000008df00000| Complete 
|  75|0x000000008df00000, 0x000000008e000000, 0x000000008e000000|100%|HC|  |TAMS 0x000000008df00000, 0x000000008e000000| Complete 
|  76|0x000000008e000000, 0x000000008e100000, 0x000000008e100000|100%|HC|  |TAMS 0x000000008e000000, 0x000000008e100000| Complete 
|  77|0x000000008e100000, 0x000000008e200000, 0x000000008e200000|100%|HC|  |TAMS 0x000000008e100000, 0x000000008e200000| Complete 
|  78|0x000000008e200000, 0x000000008e300000, 0x000000008e300000|100%|HC|  |TAMS 0x000000008e200000, 0x000000008e300000| Complete 
|  79|0x000000008e300000, 0x000000008e400000, 0x000000008e400000|100%|HC|  |TAMS 0x000000008e300000, 0x000000008e400000| Complete 
|  80|0x000000008e400000, 0x000000008e500000, 0x000000008e500000|100%|HC|  |TAMS 0x000000008e400000, 0x000000008e500000| Complete 
|  81|0x000000008e500000, 0x000000008e600000, 0x000000008e600000|100%| O|  |TAMS 0x000000008e600000, 0x000000008e600000| Untracked 
|  82|0x000000008e600000, 0x000000008e700000, 0x000000008e700000|100%|HS|  |TAMS 0x000000008e700000, 0x000000008e700000| Complete 
|  83|0x000000008e700000, 0x000000008e72ac00, 0x000000008e800000| 16%| O|  |TAMS 0x000000008e700000, 0x000000008e72ac00| Untracked 
|  84|0x000000008e800000, 0x000000008e900000, 0x000000008e900000|100%|HS|  |TAMS 0x000000008e900000, 0x000000008e900000| Complete 
|  85|0x000000008e900000, 0x000000008ea00000, 0x000000008ea00000|100%|HC|  |TAMS 0x000000008ea00000, 0x000000008ea00000| Complete 
|  86|0x000000008ea00000, 0x000000008eb00000, 0x000000008eb00000|100%|HS|  |TAMS 0x000000008eb00000, 0x000000008eb00000| Complete 
|  87|0x000000008eb00000, 0x000000008ec00000, 0x000000008ec00000|100%|HS|  |TAMS 0x000000008eb00000, 0x000000008ec00000| Complete 
|  88|0x000000008ec00000, 0x000000008ed00000, 0x000000008ed00000|100%|HC|  |TAMS 0x000000008ec00000, 0x000000008ed00000| Complete 
|  89|0x000000008ed00000, 0x000000008ee00000, 0x000000008ee00000|100%|HC|  |TAMS 0x000000008ed00000, 0x000000008ee00000| Complete 
|  90|0x000000008ee00000, 0x000000008ef00000, 0x000000008ef00000|100%|HC|  |TAMS 0x000000008ee00000, 0x000000008ef00000| Complete 
|  91|0x000000008ef00000, 0x000000008f000000, 0x000000008f000000|100%|HC|  |TAMS 0x000000008ef00000, 0x000000008f000000| Complete 
|  92|0x000000008f000000, 0x000000008f100000, 0x000000008f100000|100%|HC|  |TAMS 0x000000008f000000, 0x000000008f100000| Complete 
|  93|0x000000008f100000, 0x000000008f200000, 0x000000008f200000|100%|HC|  |TAMS 0x000000008f100000, 0x000000008f200000| Complete 
|  94|0x000000008f200000, 0x000000008f300000, 0x000000008f300000|100%|HC|  |TAMS 0x000000008f200000, 0x000000008f300000| Complete 
|  95|0x000000008f300000, 0x000000008f400000, 0x000000008f400000|100%|HC|  |TAMS 0x000000008f300000, 0x000000008f400000| Complete 
|  96|0x000000008f400000, 0x000000008f500000, 0x000000008f500000|100%|HC|  |TAMS 0x000000008f400000, 0x000000008f500000| Complete 
|  97|0x000000008f500000, 0x000000008f600000, 0x000000008f600000|100%|HC|  |TAMS 0x000000008f500000, 0x000000008f600000| Complete 
|  98|0x000000008f600000, 0x000000008f700000, 0x000000008f700000|100%|HC|  |TAMS 0x000000008f600000, 0x000000008f700000| Complete 
|  99|0x000000008f700000, 0x000000008f800000, 0x000000008f800000|100%|HC|  |TAMS 0x000000008f700000, 0x000000008f800000| Complete 
| 100|0x000000008f800000, 0x000000008f900000, 0x000000008f900000|100%|HC|  |TAMS 0x000000008f800000, 0x000000008f900000| Complete 
| 101|0x000000008f900000, 0x000000008fa00000, 0x000000008fa00000|100%|HC|  |TAMS 0x000000008f900000, 0x000000008fa00000| Complete 
| 102|0x000000008fa00000, 0x000000008fa00000, 0x000000008fb00000|  0%| F|  |TAMS 0x000000008fa00000, 0x000000008fa00000| Untracked 
| 103|0x000000008fb00000, 0x000000008fb00000, 0x000000008fc00000|  0%| F|  |TAMS 0x000000008fb00000, 0x000000008fb00000| Untracked 
| 104|0x000000008fc00000, 0x000000008fc00000, 0x000000008fd00000|  0%| F|  |TAMS 0x000000008fc00000, 0x000000008fc00000| Untracked 
| 105|0x000000008fd00000, 0x000000008fd00000, 0x000000008fe00000|  0%| F|  |TAMS 0x000000008fd00000, 0x000000008fd00000| Untracked 
| 106|0x000000008fe00000, 0x000000008fe00000, 0x000000008ff00000|  0%| F|  |TAMS 0x000000008fe00000, 0x000000008fe00000| Untracked 
| 107|0x000000008ff00000, 0x000000008ff00000, 0x0000000090000000|  0%| F|  |TAMS 0x000000008ff00000, 0x000000008ff00000| Untracked 
| 108|0x0000000090000000, 0x0000000090100000, 0x0000000090100000|100%|HS|  |TAMS 0x0000000090100000, 0x0000000090100000| Complete 
| 109|0x0000000090100000, 0x0000000090200000, 0x0000000090200000|100%|HC|  |TAMS 0x0000000090200000, 0x0000000090200000| Complete 
| 110|0x0000000090200000, 0x0000000090300000, 0x0000000090300000|100%|HC|  |TAMS 0x0000000090300000, 0x0000000090300000| Complete 
| 111|0x0000000090300000, 0x0000000090400000, 0x0000000090400000|100%|HC|  |TAMS 0x0000000090400000, 0x0000000090400000| Complete 
| 112|0x0000000090400000, 0x0000000090500000, 0x0000000090500000|100%|HC|  |TAMS 0x0000000090500000, 0x0000000090500000| Complete 
| 113|0x0000000090500000, 0x0000000090600000, 0x0000000090600000|100%|HC|  |TAMS 0x0000000090600000, 0x0000000090600000| Complete 
| 114|0x0000000090600000, 0x0000000090700000, 0x0000000090700000|100%|HC|  |TAMS 0x0000000090700000, 0x0000000090700000| Complete 
| 115|0x0000000090700000, 0x0000000090800000, 0x0000000090800000|100%|HC|  |TAMS 0x0000000090800000, 0x0000000090800000| Complete 
| 116|0x0000000090800000, 0x0000000090900000, 0x0000000090900000|100%|HC|  |TAMS 0x0000000090900000, 0x0000000090900000| Complete 
| 117|0x0000000090900000, 0x0000000090a00000, 0x0000000090a00000|100%|HC|  |TAMS 0x0000000090a00000, 0x0000000090a00000| Complete 
| 118|0x0000000090a00000, 0x0000000090b00000, 0x0000000090b00000|100%|HC|  |TAMS 0x0000000090b00000, 0x0000000090b00000| Complete 
| 119|0x0000000090b00000, 0x0000000090c00000, 0x0000000090c00000|100%|HC|  |TAMS 0x0000000090c00000, 0x0000000090c00000| Complete 
| 120|0x0000000090c00000, 0x0000000090d00000, 0x0000000090d00000|100%|HC|  |TAMS 0x0000000090d00000, 0x0000000090d00000| Complete 
| 121|0x0000000090d00000, 0x0000000090e00000, 0x0000000090e00000|100%|HC|  |TAMS 0x0000000090e00000, 0x0000000090e00000| Complete 
| 122|0x0000000090e00000, 0x0000000090f00000, 0x0000000090f00000|100%|HC|  |TAMS 0x0000000090f00000, 0x0000000090f00000| Complete 
| 123|0x0000000090f00000, 0x0000000091000000, 0x0000000091000000|100%|HC|  |TAMS 0x0000000091000000, 0x0000000091000000| Complete 
| 124|0x0000000091000000, 0x0000000091100000, 0x0000000091100000|100%|HC|  |TAMS 0x0000000091100000, 0x0000000091100000| Complete 
| 125|0x0000000091100000, 0x0000000091200000, 0x0000000091200000|100%|HC|  |TAMS 0x0000000091200000, 0x0000000091200000| Complete 
| 126|0x0000000091200000, 0x0000000091300000, 0x0000000091300000|100%|HC|  |TAMS 0x0000000091300000, 0x0000000091300000| Complete 
| 127|0x0000000091300000, 0x0000000091400000, 0x0000000091400000|100%|HC|  |TAMS 0x0000000091400000, 0x0000000091400000| Complete 
| 128|0x0000000091400000, 0x0000000091500000, 0x0000000091500000|100%|HC|  |TAMS 0x0000000091500000, 0x0000000091500000| Complete 
| 129|0x0000000091500000, 0x0000000091600000, 0x0000000091600000|100%|HC|  |TAMS 0x0000000091600000, 0x0000000091600000| Complete 
| 130|0x0000000091600000, 0x0000000091700000, 0x0000000091700000|100%|HC|  |TAMS 0x0000000091700000, 0x0000000091700000| Complete 
| 131|0x0000000091700000, 0x0000000091800000, 0x0000000091800000|100%|HC|  |TAMS 0x0000000091800000, 0x0000000091800000| Complete 
| 132|0x0000000091800000, 0x0000000091900000, 0x0000000091900000|100%|HC|  |TAMS 0x0000000091900000, 0x0000000091900000| Complete 
| 133|0x0000000091900000, 0x0000000091a00000, 0x0000000091a00000|100%|HC|  |TAMS 0x0000000091a00000, 0x0000000091a00000| Complete 
| 134|0x0000000091a00000, 0x0000000091b00000, 0x0000000091b00000|100%|HC|  |TAMS 0x0000000091b00000, 0x0000000091b00000| Complete 
| 135|0x0000000091b00000, 0x0000000091c00000, 0x0000000091c00000|100%|HC|  |TAMS 0x0000000091c00000, 0x0000000091c00000| Complete 
| 136|0x0000000091c00000, 0x0000000091d00000, 0x0000000091d00000|100%|HC|  |TAMS 0x0000000091d00000, 0x0000000091d00000| Complete 
| 137|0x0000000091d00000, 0x0000000091e00000, 0x0000000091e00000|100%|HC|  |TAMS 0x0000000091e00000, 0x0000000091e00000| Complete 
| 138|0x0000000091e00000, 0x0000000091f00000, 0x0000000091f00000|100%|HC|  |TAMS 0x0000000091f00000, 0x0000000091f00000| Complete 
| 139|0x0000000091f00000, 0x0000000092000000, 0x0000000092000000|100%|HC|  |TAMS 0x0000000092000000, 0x0000000092000000| Complete 
| 140|0x0000000092000000, 0x0000000092100000, 0x0000000092100000|100%|HC|  |TAMS 0x0000000092100000, 0x0000000092100000| Complete 
| 141|0x0000000092100000, 0x0000000092200000, 0x0000000092200000|100%|HC|  |TAMS 0x0000000092200000, 0x0000000092200000| Complete 
| 142|0x0000000092200000, 0x0000000092300000, 0x0000000092300000|100%|HC|  |TAMS 0x0000000092300000, 0x0000000092300000| Complete 
| 143|0x0000000092300000, 0x0000000092400000, 0x0000000092400000|100%|HC|  |TAMS 0x0000000092400000, 0x0000000092400000| Complete 
| 144|0x0000000092400000, 0x0000000092500000, 0x0000000092500000|100%|HC|  |TAMS 0x0000000092500000, 0x0000000092500000| Complete 
| 145|0x0000000092500000, 0x0000000092600000, 0x0000000092600000|100%|HC|  |TAMS 0x0000000092600000, 0x0000000092600000| Complete 
| 146|0x0000000092600000, 0x0000000092700000, 0x0000000092700000|100%|HC|  |TAMS 0x0000000092700000, 0x0000000092700000| Complete 
| 147|0x0000000092700000, 0x0000000092800000, 0x0000000092800000|100%|HC|  |TAMS 0x0000000092800000, 0x0000000092800000| Complete 
| 148|0x0000000092800000, 0x0000000092900000, 0x0000000092900000|100%|HC|  |TAMS 0x0000000092900000, 0x0000000092900000| Complete 
| 149|0x0000000092900000, 0x0000000092a00000, 0x0000000092a00000|100%|HC|  |TAMS 0x0000000092a00000, 0x0000000092a00000| Complete 
| 150|0x0000000092a00000, 0x0000000092b00000, 0x0000000092b00000|100%|HC|  |TAMS 0x0000000092b00000, 0x0000000092b00000| Complete 
| 151|0x0000000092b00000, 0x0000000092c00000, 0x0000000092c00000|100%|HS|  |TAMS 0x0000000092c00000, 0x0000000092c00000| Complete 
| 152|0x0000000092c00000, 0x0000000092d00000, 0x0000000092d00000|100%|HC|  |TAMS 0x0000000092d00000, 0x0000000092d00000| Complete 
| 153|0x0000000092d00000, 0x0000000092e00000, 0x0000000092e00000|100%|HC|  |TAMS 0x0000000092e00000, 0x0000000092e00000| Complete 
| 154|0x0000000092e00000, 0x0000000092f00000, 0x0000000092f00000|100%|HC|  |TAMS 0x0000000092f00000, 0x0000000092f00000| Complete 
| 155|0x0000000092f00000, 0x0000000093000000, 0x0000000093000000|100%|HC|  |TAMS 0x0000000093000000, 0x0000000093000000| Complete 
| 156|0x0000000093000000, 0x0000000093100000, 0x0000000093100000|100%|HC|  |TAMS 0x0000000093100000, 0x0000000093100000| Complete 
| 157|0x0000000093100000, 0x0000000093200000, 0x0000000093200000|100%|HC|  |TAMS 0x0000000093200000, 0x0000000093200000| Complete 
| 158|0x0000000093200000, 0x0000000093300000, 0x0000000093300000|100%|HC|  |TAMS 0x0000000093300000, 0x0000000093300000| Complete 
| 159|0x0000000093300000, 0x0000000093400000, 0x0000000093400000|100%|HC|  |TAMS 0x0000000093400000, 0x0000000093400000| Complete 
| 160|0x0000000093400000, 0x0000000093500000, 0x0000000093500000|100%|HC|  |TAMS 0x0000000093500000, 0x0000000093500000| Complete 
| 161|0x0000000093500000, 0x0000000093600000, 0x0000000093600000|100%|HC|  |TAMS 0x0000000093600000, 0x0000000093600000| Complete 
| 162|0x0000000093600000, 0x0000000093700000, 0x0000000093700000|100%|HC|  |TAMS 0x0000000093700000, 0x0000000093700000| Complete 
| 163|0x0000000093700000, 0x0000000093800000, 0x0000000093800000|100%|HC|  |TAMS 0x0000000093800000, 0x0000000093800000| Complete 
| 164|0x0000000093800000, 0x0000000093900000, 0x0000000093900000|100%|HC|  |TAMS 0x0000000093900000, 0x0000000093900000| Complete 
| 165|0x0000000093900000, 0x0000000093a00000, 0x0000000093a00000|100%|HC|  |TAMS 0x0000000093a00000, 0x0000000093a00000| Complete 
| 166|0x0000000093a00000, 0x0000000093b00000, 0x0000000093b00000|100%|HS|  |TAMS 0x0000000093a00000, 0x0000000093b00000| Complete 
| 167|0x0000000093b00000, 0x0000000093c00000, 0x0000000093c00000|100%|HC|  |TAMS 0x0000000093b00000, 0x0000000093c00000| Complete 
| 168|0x0000000093c00000, 0x0000000093d00000, 0x0000000093d00000|100%|HC|  |TAMS 0x0000000093c00000, 0x0000000093d00000| Complete 
| 169|0x0000000093d00000, 0x0000000093e00000, 0x0000000093e00000|100%|HC|  |TAMS 0x0000000093d00000, 0x0000000093e00000| Complete 
| 170|0x0000000093e00000, 0x0000000093f00000, 0x0000000093f00000|100%|HC|  |TAMS 0x0000000093e00000, 0x0000000093f00000| Complete 
| 171|0x0000000093f00000, 0x0000000094000000, 0x0000000094000000|100%|HC|  |TAMS 0x0000000093f00000, 0x0000000094000000| Complete 
| 172|0x0000000094000000, 0x0000000094100000, 0x0000000094100000|100%|HC|  |TAMS 0x0000000094000000, 0x0000000094100000| Complete 
| 173|0x0000000094100000, 0x0000000094200000, 0x0000000094200000|100%|HC|  |TAMS 0x0000000094100000, 0x0000000094200000| Complete 
| 174|0x0000000094200000, 0x0000000094300000, 0x0000000094300000|100%|HC|  |TAMS 0x0000000094200000, 0x0000000094300000| Complete 
| 175|0x0000000094300000, 0x0000000094400000, 0x0000000094400000|100%|HC|  |TAMS 0x0000000094300000, 0x0000000094400000| Complete 
| 176|0x0000000094400000, 0x0000000094500000, 0x0000000094500000|100%|HC|  |TAMS 0x0000000094400000, 0x0000000094500000| Complete 
| 177|0x0000000094500000, 0x0000000094600000, 0x0000000094600000|100%|HC|  |TAMS 0x0000000094500000, 0x0000000094600000| Complete 
| 178|0x0000000094600000, 0x0000000094700000, 0x0000000094700000|100%|HC|  |TAMS 0x0000000094600000, 0x0000000094700000| Complete 
| 179|0x0000000094700000, 0x0000000094800000, 0x0000000094800000|100%|HC|  |TAMS 0x0000000094700000, 0x0000000094800000| Complete 
| 180|0x0000000094800000, 0x0000000094900000, 0x0000000094900000|100%|HC|  |TAMS 0x0000000094800000, 0x0000000094900000| Complete 
| 181|0x0000000094900000, 0x0000000094a00000, 0x0000000094a00000|100%|HC|  |TAMS 0x0000000094900000, 0x0000000094a00000| Complete 
| 182|0x0000000094a00000, 0x0000000094b00000, 0x0000000094b00000|100%|HC|  |TAMS 0x0000000094a00000, 0x0000000094b00000| Complete 
| 183|0x0000000094b00000, 0x0000000094c00000, 0x0000000094c00000|100%|HC|  |TAMS 0x0000000094b00000, 0x0000000094c00000| Complete 
| 184|0x0000000094c00000, 0x0000000094d00000, 0x0000000094d00000|100%|HC|  |TAMS 0x0000000094c00000, 0x0000000094d00000| Complete 
| 185|0x0000000094d00000, 0x0000000094e00000, 0x0000000094e00000|100%|HC|  |TAMS 0x0000000094d00000, 0x0000000094e00000| Complete 
| 186|0x0000000094e00000, 0x0000000094f00000, 0x0000000094f00000|100%|HC|  |TAMS 0x0000000094e00000, 0x0000000094f00000| Complete 
| 187|0x0000000094f00000, 0x0000000095000000, 0x0000000095000000|100%|HC|  |TAMS 0x0000000094f00000, 0x0000000095000000| Complete 
| 188|0x0000000095000000, 0x0000000095100000, 0x0000000095100000|100%|HC|  |TAMS 0x0000000095000000, 0x0000000095100000| Complete 
| 189|0x0000000095100000, 0x0000000095200000, 0x0000000095200000|100%|HC|  |TAMS 0x0000000095100000, 0x0000000095200000| Complete 
| 190|0x0000000095200000, 0x0000000095300000, 0x0000000095300000|100%|HC|  |TAMS 0x0000000095200000, 0x0000000095300000| Complete 
| 191|0x0000000095300000, 0x0000000095400000, 0x0000000095400000|100%|HC|  |TAMS 0x0000000095300000, 0x0000000095400000| Complete 
| 192|0x0000000095400000, 0x0000000095500000, 0x0000000095500000|100%|HC|  |TAMS 0x0000000095400000, 0x0000000095500000| Complete 
| 193|0x0000000095500000, 0x0000000095600000, 0x0000000095600000|100%|HC|  |TAMS 0x0000000095500000, 0x0000000095600000| Complete 
| 194|0x0000000095600000, 0x0000000095700000, 0x0000000095700000|100%|HC|  |TAMS 0x0000000095600000, 0x0000000095700000| Complete 
| 195|0x0000000095700000, 0x0000000095800000, 0x0000000095800000|100%|HC|  |TAMS 0x0000000095700000, 0x0000000095800000| Complete 
| 196|0x0000000095800000, 0x0000000095900000, 0x0000000095900000|100%|HC|  |TAMS 0x0000000095800000, 0x0000000095900000| Complete 
| 197|0x0000000095900000, 0x0000000095a00000, 0x0000000095a00000|100%|HC|  |TAMS 0x0000000095900000, 0x0000000095a00000| Complete 
| 198|0x0000000095a00000, 0x0000000095b00000, 0x0000000095b00000|100%|HC|  |TAMS 0x0000000095a00000, 0x0000000095b00000| Complete 
| 199|0x0000000095b00000, 0x0000000095c00000, 0x0000000095c00000|100%|HC|  |TAMS 0x0000000095b00000, 0x0000000095c00000| Complete 
| 200|0x0000000095c00000, 0x0000000095d00000, 0x0000000095d00000|100%|HC|  |TAMS 0x0000000095c00000, 0x0000000095d00000| Complete 
| 201|0x0000000095d00000, 0x0000000095e00000, 0x0000000095e00000|100%|HC|  |TAMS 0x0000000095d00000, 0x0000000095e00000| Complete 
| 202|0x0000000095e00000, 0x0000000095f00000, 0x0000000095f00000|100%|HC|  |TAMS 0x0000000095e00000, 0x0000000095f00000| Complete 
| 203|0x0000000095f00000, 0x0000000096000000, 0x0000000096000000|100%|HC|  |TAMS 0x0000000095f00000, 0x0000000096000000| Complete 
| 204|0x0000000096000000, 0x0000000096100000, 0x0000000096100000|100%|HC|  |TAMS 0x0000000096000000, 0x0000000096100000| Complete 
| 205|0x0000000096100000, 0x0000000096200000, 0x0000000096200000|100%|HC|  |TAMS 0x0000000096100000, 0x0000000096200000| Complete 
| 206|0x0000000096200000, 0x0000000096300000, 0x0000000096300000|100%|HC|  |TAMS 0x0000000096200000, 0x0000000096300000| Complete 
| 207|0x0000000096300000, 0x0000000096400000, 0x0000000096400000|100%|HC|  |TAMS 0x0000000096300000, 0x0000000096400000| Complete 
| 208|0x0000000096400000, 0x0000000096500000, 0x0000000096500000|100%|HC|  |TAMS 0x0000000096400000, 0x0000000096500000| Complete 
| 209|0x0000000096500000, 0x0000000096600000, 0x0000000096600000|100%|HS|  |TAMS 0x0000000096500000, 0x0000000096600000| Complete 
| 210|0x0000000096600000, 0x0000000096700000, 0x0000000096700000|100%|HC|  |TAMS 0x0000000096600000, 0x0000000096700000| Complete 
| 211|0x0000000096700000, 0x0000000096800000, 0x0000000096800000|100%|HC|  |TAMS 0x0000000096700000, 0x0000000096800000| Complete 
| 212|0x0000000096800000, 0x0000000096900000, 0x0000000096900000|100%|HC|  |TAMS 0x0000000096800000, 0x0000000096900000| Complete 
| 213|0x0000000096900000, 0x0000000096a00000, 0x0000000096a00000|100%|HC|  |TAMS 0x0000000096900000, 0x0000000096a00000| Complete 
| 214|0x0000000096a00000, 0x0000000096b00000, 0x0000000096b00000|100%|HC|  |TAMS 0x0000000096a00000, 0x0000000096b00000| Complete 
| 215|0x0000000096b00000, 0x0000000096c00000, 0x0000000096c00000|100%|HC|  |TAMS 0x0000000096b00000, 0x0000000096c00000| Complete 
| 216|0x0000000096c00000, 0x0000000096d00000, 0x0000000096d00000|100%|HC|  |TAMS 0x0000000096c00000, 0x0000000096d00000| Complete 
| 217|0x0000000096d00000, 0x0000000096e00000, 0x0000000096e00000|100%|HC|  |TAMS 0x0000000096d00000, 0x0000000096e00000| Complete 
| 218|0x0000000096e00000, 0x0000000096f00000, 0x0000000096f00000|100%|HC|  |TAMS 0x0000000096e00000, 0x0000000096f00000| Complete 
| 219|0x0000000096f00000, 0x0000000097000000, 0x0000000097000000|100%|HC|  |TAMS 0x0000000096f00000, 0x0000000097000000| Complete 
| 220|0x0000000097000000, 0x0000000097100000, 0x0000000097100000|100%|HC|  |TAMS 0x0000000097000000, 0x0000000097100000| Complete 
| 221|0x0000000097100000, 0x0000000097200000, 0x0000000097200000|100%|HC|  |TAMS 0x0000000097100000, 0x0000000097200000| Complete 
| 222|0x0000000097200000, 0x0000000097300000, 0x0000000097300000|100%|HC|  |TAMS 0x0000000097200000, 0x0000000097300000| Complete 
| 223|0x0000000097300000, 0x0000000097400000, 0x0000000097400000|100%|HC|  |TAMS 0x0000000097300000, 0x0000000097400000| Complete 
| 224|0x0000000097400000, 0x0000000097400000, 0x0000000097500000|  0%| F|  |TAMS 0x0000000097400000, 0x0000000097400000| Untracked 
| 225|0x0000000097500000, 0x0000000097500000, 0x0000000097600000|  0%| F|  |TAMS 0x0000000097500000, 0x0000000097500000| Untracked 
| 226|0x0000000097600000, 0x0000000097600000, 0x0000000097700000|  0%| F|  |TAMS 0x0000000097600000, 0x0000000097600000| Untracked 
| 227|0x0000000097700000, 0x0000000097700000, 0x0000000097800000|  0%| F|  |TAMS 0x0000000097700000, 0x0000000097700000| Untracked 
| 228|0x0000000097800000, 0x0000000097800000, 0x0000000097900000|  0%| F|  |TAMS 0x0000000097800000, 0x0000000097800000| Untracked 
| 229|0x0000000097900000, 0x0000000097900000, 0x0000000097a00000|  0%| F|  |TAMS 0x0000000097900000, 0x0000000097900000| Untracked 
| 230|0x0000000097a00000, 0x0000000097a00000, 0x0000000097b00000|  0%| F|  |TAMS 0x0000000097a00000, 0x0000000097a00000| Untracked 
| 231|0x0000000097b00000, 0x0000000097b00000, 0x0000000097c00000|  0%| F|  |TAMS 0x0000000097b00000, 0x0000000097b00000| Untracked 
| 232|0x0000000097c00000, 0x0000000097c00000, 0x0000000097d00000|  0%| F|  |TAMS 0x0000000097c00000, 0x0000000097c00000| Untracked 
| 233|0x0000000097d00000, 0x0000000097d00000, 0x0000000097e00000|  0%| F|  |TAMS 0x0000000097d00000, 0x0000000097d00000| Untracked 
| 234|0x0000000097e00000, 0x0000000097e00000, 0x0000000097f00000|  0%| F|  |TAMS 0x0000000097e00000, 0x0000000097e00000| Untracked 
| 235|0x0000000097f00000, 0x0000000097f00000, 0x0000000098000000|  0%| F|  |TAMS 0x0000000097f00000, 0x0000000097f00000| Untracked 
| 236|0x0000000098000000, 0x0000000098000000, 0x0000000098100000|  0%| F|  |TAMS 0x0000000098000000, 0x0000000098000000| Untracked 
| 237|0x0000000098100000, 0x0000000098100000, 0x0000000098200000|  0%| F|  |TAMS 0x0000000098100000, 0x0000000098100000| Untracked 
| 238|0x0000000098200000, 0x0000000098200000, 0x0000000098300000|  0%| F|  |TAMS 0x0000000098200000, 0x0000000098200000| Untracked 
| 239|0x0000000098300000, 0x0000000098300000, 0x0000000098400000|  0%| F|  |TAMS 0x0000000098300000, 0x0000000098300000| Untracked 
| 240|0x0000000098400000, 0x0000000098400000, 0x0000000098500000|  0%| F|  |TAMS 0x0000000098400000, 0x0000000098400000| Untracked 
| 241|0x0000000098500000, 0x0000000098500000, 0x0000000098600000|  0%| F|  |TAMS 0x0000000098500000, 0x0000000098500000| Untracked 
| 242|0x0000000098600000, 0x0000000098600000, 0x0000000098700000|  0%| F|  |TAMS 0x0000000098600000, 0x0000000098600000| Untracked 
| 243|0x0000000098700000, 0x0000000098700000, 0x0000000098800000|  0%| F|  |TAMS 0x0000000098700000, 0x0000000098700000| Untracked 
| 244|0x0000000098800000, 0x0000000098800000, 0x0000000098900000|  0%| F|  |TAMS 0x0000000098800000, 0x0000000098800000| Untracked 
| 245|0x0000000098900000, 0x0000000098900000, 0x0000000098a00000|  0%| F|  |TAMS 0x0000000098900000, 0x0000000098900000| Untracked 
| 246|0x0000000098a00000, 0x0000000098a00000, 0x0000000098b00000|  0%| F|  |TAMS 0x0000000098a00000, 0x0000000098a00000| Untracked 
| 247|0x0000000098b00000, 0x0000000098b4cbe8, 0x0000000098c00000| 29%| S|CS|TAMS 0x0000000098b00000, 0x0000000098b00000| Complete 
| 248|0x0000000098c00000, 0x0000000098c00000, 0x0000000098d00000|  0%| F|  |TAMS 0x0000000098c00000, 0x0000000098c00000| Untracked 
| 249|0x0000000098d00000, 0x0000000098d00000, 0x0000000098e00000|  0%| F|  |TAMS 0x0000000098d00000, 0x0000000098d00000| Untracked 
| 250|0x0000000098e00000, 0x0000000098e00000, 0x0000000098f00000|  0%| F|  |TAMS 0x0000000098e00000, 0x0000000098e00000| Untracked 
| 251|0x0000000098f00000, 0x0000000098f00000, 0x0000000099000000|  0%| F|  |TAMS 0x0000000098f00000, 0x0000000098f00000| Untracked 
| 252|0x0000000099000000, 0x0000000099000000, 0x0000000099100000|  0%| F|  |TAMS 0x0000000099000000, 0x0000000099000000| Untracked 
| 253|0x0000000099100000, 0x0000000099100000, 0x0000000099200000|  0%| F|  |TAMS 0x0000000099100000, 0x0000000099100000| Untracked 
| 254|0x0000000099200000, 0x0000000099200000, 0x0000000099300000|  0%| F|  |TAMS 0x0000000099200000, 0x0000000099200000| Untracked 
| 255|0x0000000099300000, 0x0000000099300000, 0x0000000099400000|  0%| F|  |TAMS 0x0000000099300000, 0x0000000099300000| Untracked 
| 256|0x0000000099400000, 0x0000000099400000, 0x0000000099500000|  0%| F|  |TAMS 0x0000000099400000, 0x0000000099400000| Untracked 
| 257|0x0000000099500000, 0x0000000099500000, 0x0000000099600000|  0%| F|  |TAMS 0x0000000099500000, 0x0000000099500000| Untracked 
| 258|0x0000000099600000, 0x0000000099600000, 0x0000000099700000|  0%| F|  |TAMS 0x0000000099600000, 0x0000000099600000| Untracked 
| 259|0x0000000099700000, 0x0000000099700000, 0x0000000099800000|  0%| F|  |TAMS 0x0000000099700000, 0x0000000099700000| Untracked 
| 260|0x0000000099800000, 0x0000000099800000, 0x0000000099900000|  0%| F|  |TAMS 0x0000000099800000, 0x0000000099800000| Untracked 
| 261|0x0000000099900000, 0x0000000099900000, 0x0000000099a00000|  0%| F|  |TAMS 0x0000000099900000, 0x0000000099900000| Untracked 
| 262|0x0000000099a00000, 0x0000000099a00000, 0x0000000099b00000|  0%| F|  |TAMS 0x0000000099a00000, 0x0000000099a00000| Untracked 
| 263|0x0000000099b00000, 0x0000000099b00000, 0x0000000099c00000|  0%| F|  |TAMS 0x0000000099b00000, 0x0000000099b00000| Untracked 
| 264|0x0000000099c00000, 0x0000000099c00000, 0x0000000099d00000|  0%| F|  |TAMS 0x0000000099c00000, 0x0000000099c00000| Untracked 
| 265|0x0000000099d00000, 0x0000000099d00000, 0x0000000099e00000|  0%| F|  |TAMS 0x0000000099d00000, 0x0000000099d00000| Untracked 
| 266|0x0000000099e00000, 0x0000000099e00000, 0x0000000099f00000|  0%| F|  |TAMS 0x0000000099e00000, 0x0000000099e00000| Untracked 
| 267|0x0000000099f00000, 0x0000000099f00000, 0x000000009a000000|  0%| F|  |TAMS 0x0000000099f00000, 0x0000000099f00000| Untracked 
| 268|0x000000009a000000, 0x000000009a000000, 0x000000009a100000|  0%| F|  |TAMS 0x000000009a000000, 0x000000009a000000| Untracked 
| 269|0x000000009a100000, 0x000000009a100000, 0x000000009a200000|  0%| F|  |TAMS 0x000000009a100000, 0x000000009a100000| Untracked 
| 270|0x000000009a200000, 0x000000009a200000, 0x000000009a300000|  0%| F|  |TAMS 0x000000009a200000, 0x000000009a200000| Untracked 
| 271|0x000000009a300000, 0x000000009a300000, 0x000000009a400000|  0%| F|  |TAMS 0x000000009a300000, 0x000000009a300000| Untracked 
| 272|0x000000009a400000, 0x000000009a400000, 0x000000009a500000|  0%| F|  |TAMS 0x000000009a400000, 0x000000009a400000| Untracked 
| 273|0x000000009a500000, 0x000000009a500000, 0x000000009a600000|  0%| F|  |TAMS 0x000000009a500000, 0x000000009a500000| Untracked 
| 274|0x000000009a600000, 0x000000009a600000, 0x000000009a700000|  0%| F|  |TAMS 0x000000009a600000, 0x000000009a600000| Untracked 
| 275|0x000000009a700000, 0x000000009a700000, 0x000000009a800000|  0%| F|  |TAMS 0x000000009a700000, 0x000000009a700000| Untracked 
| 276|0x000000009a800000, 0x000000009a800000, 0x000000009a900000|  0%| F|  |TAMS 0x000000009a800000, 0x000000009a800000| Untracked 
| 277|0x000000009a900000, 0x000000009a900000, 0x000000009aa00000|  0%| F|  |TAMS 0x000000009a900000, 0x000000009a900000| Untracked 
| 278|0x000000009aa00000, 0x000000009aa00000, 0x000000009ab00000|  0%| F|  |TAMS 0x000000009aa00000, 0x000000009aa00000| Untracked 
| 279|0x000000009ab00000, 0x000000009ab00000, 0x000000009ac00000|  0%| F|  |TAMS 0x000000009ab00000, 0x000000009ab00000| Untracked 
| 280|0x000000009ac00000, 0x000000009ac00000, 0x000000009ad00000|  0%| F|  |TAMS 0x000000009ac00000, 0x000000009ac00000| Untracked 
| 281|0x000000009ad00000, 0x000000009ad00000, 0x000000009ae00000|  0%| F|  |TAMS 0x000000009ad00000, 0x000000009ad00000| Untracked 
| 282|0x000000009ae00000, 0x000000009ae00000, 0x000000009af00000|  0%| F|  |TAMS 0x000000009ae00000, 0x000000009ae00000| Untracked 
| 283|0x000000009af00000, 0x000000009af00000, 0x000000009b000000|  0%| F|  |TAMS 0x000000009af00000, 0x000000009af00000| Untracked 
| 284|0x000000009b000000, 0x000000009b000000, 0x000000009b100000|  0%| F|  |TAMS 0x000000009b000000, 0x000000009b000000| Untracked 
| 285|0x000000009b100000, 0x000000009b100000, 0x000000009b200000|  0%| F|  |TAMS 0x000000009b100000, 0x000000009b100000| Untracked 
| 286|0x000000009b200000, 0x000000009b200000, 0x000000009b300000|  0%| F|  |TAMS 0x000000009b200000, 0x000000009b200000| Untracked 
| 287|0x000000009b300000, 0x000000009b300000, 0x000000009b400000|  0%| F|  |TAMS 0x000000009b300000, 0x000000009b300000| Untracked 
| 288|0x000000009b400000, 0x000000009b400000, 0x000000009b500000|  0%| F|  |TAMS 0x000000009b400000, 0x000000009b400000| Untracked 
| 289|0x000000009b500000, 0x000000009b500000, 0x000000009b600000|  0%| F|  |TAMS 0x000000009b500000, 0x000000009b500000| Untracked 
| 290|0x000000009b600000, 0x000000009b600000, 0x000000009b700000|  0%| F|  |TAMS 0x000000009b600000, 0x000000009b600000| Untracked 
| 291|0x000000009b700000, 0x000000009b700000, 0x000000009b800000|  0%| F|  |TAMS 0x000000009b700000, 0x000000009b700000| Untracked 
| 292|0x000000009b800000, 0x000000009b800000, 0x000000009b900000|  0%| F|  |TAMS 0x000000009b800000, 0x000000009b800000| Untracked 
| 293|0x000000009b900000, 0x000000009b900000, 0x000000009ba00000|  0%| F|  |TAMS 0x000000009b900000, 0x000000009b900000| Untracked 
| 294|0x000000009ba00000, 0x000000009ba00000, 0x000000009bb00000|  0%| F|  |TAMS 0x000000009ba00000, 0x000000009ba00000| Untracked 
| 295|0x000000009bb00000, 0x000000009bb00000, 0x000000009bc00000|  0%| F|  |TAMS 0x000000009bb00000, 0x000000009bb00000| Untracked 
| 296|0x000000009bc00000, 0x000000009bc00000, 0x000000009bd00000|  0%| F|  |TAMS 0x000000009bc00000, 0x000000009bc00000| Untracked 
| 297|0x000000009bd00000, 0x000000009bd00000, 0x000000009be00000|  0%| F|  |TAMS 0x000000009bd00000, 0x000000009bd00000| Untracked 
| 298|0x000000009be00000, 0x000000009be00000, 0x000000009bf00000|  0%| F|  |TAMS 0x000000009be00000, 0x000000009be00000| Untracked 
| 299|0x000000009bf00000, 0x000000009bf00000, 0x000000009c000000|  0%| F|  |TAMS 0x000000009bf00000, 0x000000009bf00000| Untracked 

Card table byte_map: [0x0000022e7e530000,0x0000022e7e8f0000] _byte_map_base: 0x0000022e7e0e6000

Marking Bits (Prev, Next): (CMBitMap*) 0x0000022e7e125a80, (CMBitMap*) 0x0000022e7e125a40
 Prev Bits: [0x0000022e0cc50000, 0x0000022e0ea00000)
 Next Bits: [0x0000022e0aea0000, 0x0000022e0cc50000)

Polling page: 0x0000022e7bf60000

Metaspace:

Usage:
  Non-class:     64.39 MB used.
      Class:     10.29 MB used.
       Both:     74.68 MB used.

Virtual space:
  Non-class space:      128.00 MB reserved,      64.75 MB ( 51%) committed,  2 nodes.
      Class space:        1.00 GB reserved,      10.56 MB (  1%) committed,  1 nodes.
             Both:        1.12 GB reserved,      75.31 MB (  7%) committed. 

Chunk freelists:
   Non-Class:  2.39 MB
       Class:  1.35 MB
        Both:  3.73 MB

MaxMetaspaceSize: unlimited
CompressedClassSpaceSize: 1.00 GB
Initial GC threshold: 21.00 MB
Current GC threshold: 125.56 MB
CDS: on
MetaspaceReclaimPolicy: balanced
 - commit_granule_bytes: 65536.
 - commit_granule_words: 8192.
 - virtual_space_node_default_size: 8388608.
 - enlarge_chunks_in_place: 1.
 - new_chunks_are_fully_committed: 0.
 - uncommit_free_chunks: 1.
 - use_allocation_guard: 0.


Internal statistics:

num_allocs_failed_limit: 9.
num_arena_births: 1184.
num_arena_deaths: 480.
num_vsnodes_births: 3.
num_vsnodes_deaths: 0.
num_space_committed: 1205.
num_space_uncommitted: 0.
num_chunks_returned_to_freelist: 531.
num_chunks_taken_from_freelist: 3930.
num_chunk_merges: 129.
num_chunk_splits: 2741.
num_chunks_enlarged: 2226.
num_inconsistent_stats: 0.

CodeCache: size=49152Kb used=15151Kb max_used=16009Kb free=34000Kb
 bounds [0x0000022e07ea0000, 0x0000022e08e90000, 0x0000022e0aea0000]
 total_blobs=9683 nmethods=8887 adapters=720
 compilation: enabled
              stopped_count=0, restarted_count=0
 full_count=0

Compilation events (20 events):
Event: 858.213 Thread 0x0000022e7f081490 8879       1       java.util.Arrays::sort (37 bytes)
Event: 858.213 Thread 0x0000022e7f081490 nmethod 8879 0x0000022e08cf4f10 code [0x0000022e08cf50c0, 0x0000022e08cf5218]
Event: 858.215 Thread 0x0000022e7f081490 8880       1       com.mysql.cj.protocol.a.NativeCapabilities::getServerVersion (5 bytes)
Event: 858.215 Thread 0x0000022e7f081490 nmethod 8880 0x0000022e08cf4c10 code [0x0000022e08cf4da0, 0x0000022e08cf4e58]
Event: 858.219 Thread 0x0000022e7f081490 8881       1       org.hibernate.persister.entity.EntityPersister::getEntityMappingType (2 bytes)
Event: 858.219 Thread 0x0000022e7f081490 nmethod 8881 0x0000022e08cf4910 code [0x0000022e08cf4aa0, 0x0000022e08cf4b58]
Event: 858.227 Thread 0x0000022e7f081490 8882       1       com.mysql.cj.protocol.ResultsetRows::close (1 bytes)
Event: 858.227 Thread 0x0000022e7f081490 nmethod 8882 0x0000022e08cf4610 code [0x0000022e08cf47a0, 0x0000022e08cf4858]
Event: 858.228 Thread 0x0000022e7f081490 8883   !   1       com.mysql.cj.protocol.a.NativeProtocol::sendCommand (456 bytes)
Event: 858.232 Thread 0x0000022e7f081490 nmethod 8883 0x0000022e08cf2590 code [0x0000022e08cf28e0, 0x0000022e08cf3508]
Event: 858.232 Thread 0x0000022e7f081490 8884       1       com.mysql.cj.protocol.a.MultiPacketReader::resetMessageSequence (10 bytes)
Event: 858.232 Thread 0x0000022e7f081490 nmethod 8884 0x0000022e08cf2290 code [0x0000022e08cf2440, 0x0000022e08cf2528]
Event: 858.232 Thread 0x0000022e7f081490 8885       1       com.mysql.cj.protocol.a.TimeTrackingPacketReader::resetMessageSequence (10 bytes)
Event: 858.232 Thread 0x0000022e7f081490 nmethod 8885 0x0000022e08cf1f90 code [0x0000022e08cf2140, 0x0000022e08cf2228]
Event: 858.232 Thread 0x0000022e7f081490 8886       1       com.mysql.cj.protocol.a.NativeProtocol::checkForOutstandingStreamingData (116 bytes)
Event: 858.234 Thread 0x0000022e7f081490 nmethod 8886 0x0000022e08cf1190 code [0x0000022e08cf1440, 0x0000022e08cf1a58]
Event: 858.234 Thread 0x0000022e7f081490 8887   !   1       com.mysql.cj.protocol.a.NativeProtocol::clearInputStream (69 bytes)
Event: 858.235 Thread 0x0000022e7f081490 nmethod 8887 0x0000022e08cf0710 code [0x0000022e08cf0920, 0x0000022e08cf0d48]
Event: 858.235 Thread 0x0000022e7f081490 8888       1       com.mysql.cj.protocol.a.TimeTrackingPacketSender::send (28 bytes)
Event: 858.236 Thread 0x0000022e7f081490 nmethod 8888 0x0000022e08cf0390 code [0x0000022e08cf0540, 0x0000022e08cf0648]

GC Heap History (20 events):
Event: 56.513 GC heap after
{Heap after GC invocations=27 (full 0):
 garbage-first heap   total 302080K, used 97454K [0x0000000089400000, 0x0000000100000000)
  region size 1024K, 1 young (1024K), 1 survivors (1024K)
 Metaspace       used 70639K, committed 71808K, reserved 1114112K
  class space    used 9880K, committed 10304K, reserved 1048576K
}
Event: 57.120 GC heap before
{Heap before GC invocations=27 (full 0):
 garbage-first heap   total 302080K, used 171182K [0x0000000089400000, 0x0000000100000000)
  region size 1024K, 75 young (76800K), 1 survivors (1024K)
 Metaspace       used 70794K, committed 71872K, reserved 1114112K
  class space    used 9897K, committed 10304K, reserved 1048576K
}
Event: 57.123 GC heap after
{Heap after GC invocations=28 (full 0):
 garbage-first heap   total 302080K, used 94348K [0x0000000089400000, 0x0000000100000000)
  region size 1024K, 1 young (1024K), 1 survivors (1024K)
 Metaspace       used 70794K, committed 71872K, reserved 1114112K
  class space    used 9897K, committed 10304K, reserved 1048576K
}
Event: 224.238 GC heap before
{Heap before GC invocations=29 (full 0):
 garbage-first heap   total 302080K, used 300172K [0x0000000089400000, 0x0000000100000000)
  region size 1024K, 82 young (83968K), 1 survivors (1024K)
 Metaspace       used 71160K, committed 72064K, reserved 1114112K
  class space    used 9939K, committed 10304K, reserved 1048576K
}
Event: 224.287 GC heap after
{Heap after GC invocations=30 (full 0):
 garbage-first heap   total 303104K, used 98070K [0x0000000089400000, 0x0000000100000000)
  region size 1024K, 1 young (1024K), 1 survivors (1024K)
 Metaspace       used 71160K, committed 72064K, reserved 1114112K
  class space    used 9939K, committed 10304K, reserved 1048576K
}
Event: 224.380 GC heap before
{Heap before GC invocations=30 (full 0):
 garbage-first heap   total 303104K, used 110358K [0x0000000089400000, 0x0000000100000000)
  region size 1024K, 14 young (14336K), 1 survivors (1024K)
 Metaspace       used 71160K, committed 72064K, reserved 1114112K
  class space    used 9939K, committed 10304K, reserved 1048576K
}
Event: 224.436 GC heap after
{Heap after GC invocations=31 (full 0):
 garbage-first heap   total 303104K, used 97417K [0x0000000089400000, 0x0000000100000000)
  region size 1024K, 1 young (1024K), 1 survivors (1024K)
 Metaspace       used 71160K, committed 72064K, reserved 1114112K
  class space    used 9939K, committed 10304K, reserved 1048576K
}
Event: 225.321 GC heap before
{Heap before GC invocations=31 (full 0):
 garbage-first heap   total 303104K, used 243849K [0x0000000089400000, 0x0000000100000000)
  region size 1024K, 145 young (148480K), 1 survivors (1024K)
 Metaspace       used 71160K, committed 72064K, reserved 1114112K
  class space    used 9939K, committed 10304K, reserved 1048576K
}
Event: 225.332 GC heap after
{Heap after GC invocations=32 (full 0):
 garbage-first heap   total 303104K, used 97471K [0x0000000089400000, 0x0000000100000000)
  region size 1024K, 1 young (1024K), 1 survivors (1024K)
 Metaspace       used 71160K, committed 72064K, reserved 1114112K
  class space    used 9939K, committed 10304K, reserved 1048576K
}
Event: 810.247 GC heap before
{Heap before GC invocations=33 (full 0):
 garbage-first heap   total 303104K, used 301247K [0x0000000089400000, 0x0000000100000000)
  region size 1024K, 78 young (79872K), 1 survivors (1024K)
 Metaspace       used 76536K, committed 77120K, reserved 1179648K
  class space    used 10552K, committed 10816K, reserved 1048576K
}
Event: 810.299 GC heap after
{Heap after GC invocations=34 (full 0):
 garbage-first heap   total 306176K, used 98614K [0x0000000089400000, 0x0000000100000000)
  region size 1024K, 3 young (3072K), 3 survivors (3072K)
 Metaspace       used 76536K, committed 77120K, reserved 1179648K
  class space    used 10552K, committed 10816K, reserved 1048576K
}
Event: 810.370 GC heap before
{Heap before GC invocations=34 (full 0):
 garbage-first heap   total 306176K, used 108854K [0x0000000089400000, 0x0000000100000000)
  region size 1024K, 14 young (14336K), 3 survivors (3072K)
 Metaspace       used 76536K, committed 77120K, reserved 1179648K
  class space    used 10552K, committed 10816K, reserved 1048576K
}
Event: 810.413 GC heap after
{Heap after GC invocations=35 (full 0):
 garbage-first heap   total 306176K, used 98199K [0x0000000089400000, 0x0000000100000000)
  region size 1024K, 1 young (1024K), 1 survivors (1024K)
 Metaspace       used 76536K, committed 77120K, reserved 1179648K
  class space    used 10552K, committed 10816K, reserved 1048576K
}
Event: 812.948 GC heap before
{Heap before GC invocations=35 (full 0):
 garbage-first heap   total 306176K, used 253847K [0x0000000089400000, 0x0000000100000000)
  region size 1024K, 154 young (157696K), 1 survivors (1024K)
 Metaspace       used 76536K, committed 77120K, reserved 1179648K
  class space    used 10552K, committed 10816K, reserved 1048576K
}
Event: 812.960 GC heap after
{Heap after GC invocations=36 (full 0):
 garbage-first heap   total 306176K, used 98179K [0x0000000089400000, 0x0000000100000000)
  region size 1024K, 1 young (1024K), 1 survivors (1024K)
 Metaspace       used 76536K, committed 77120K, reserved 1179648K
  class space    used 10552K, committed 10816K, reserved 1048576K
}
Event: 858.494 GC heap before
{Heap before GC invocations=37 (full 0):
 garbage-first heap   total 306176K, used 304003K [0x0000000089400000, 0x0000000100000000)
  region size 1024K, 82 young (83968K), 1 survivors (1024K)
 Metaspace       used 76477K, committed 77120K, reserved 1179648K
  class space    used 10537K, committed 10816K, reserved 1048576K
}
Event: 858.501 GC heap after
{Heap after GC invocations=38 (full 0):
 garbage-first heap   total 307200K, used 221295K [0x0000000089400000, 0x0000000100000000)
  region size 1024K, 1 young (1024K), 1 survivors (1024K)
 Metaspace       used 76477K, committed 77120K, reserved 1179648K
  class space    used 10537K, committed 10816K, reserved 1048576K
}
Event: 858.569 GC heap before
{Heap before GC invocations=38 (full 0):
 garbage-first heap   total 307200K, used 234607K [0x0000000089400000, 0x0000000100000000)
  region size 1024K, 15 young (15360K), 1 survivors (1024K)
 Metaspace       used 76477K, committed 77120K, reserved 1179648K
  class space    used 10537K, committed 10816K, reserved 1048576K
}
Event: 858.589 GC heap after
{Heap after GC invocations=39 (full 0):
 garbage-first heap   total 307200K, used 220603K [0x0000000089400000, 0x0000000100000000)
  region size 1024K, 1 young (1024K), 1 survivors (1024K)
 Metaspace       used 76477K, committed 77120K, reserved 1179648K
  class space    used 10537K, committed 10816K, reserved 1048576K
}
Event: 858.841 GC heap before
{Heap before GC invocations=39 (full 0):
 garbage-first heap   total 307200K, used 271803K [0x0000000089400000, 0x0000000100000000)
  region size 1024K, 52 young (53248K), 1 survivors (1024K)
 Metaspace       used 76477K, committed 77120K, reserved 1179648K
  class space    used 10537K, committed 10816K, reserved 1048576K
}

Dll operation events (14 events):
Event: 0.034 Loaded shared library C:\Program Files\Java\jdk-19\bin\java.dll
Event: 0.152 Loaded shared library C:\Program Files\Java\jdk-19\bin\jsvml.dll
Event: 0.365 Loaded shared library C:\Program Files\Java\jdk-19\bin\zip.dll
Event: 0.370 Loaded shared library C:\Program Files\Java\jdk-19\bin\instrument.dll
Event: 0.385 Loaded shared library C:\Program Files\Java\jdk-19\bin\net.dll
Event: 0.389 Loaded shared library C:\Program Files\Java\jdk-19\bin\nio.dll
Event: 0.396 Loaded shared library C:\Program Files\Java\jdk-19\bin\zip.dll
Event: 0.614 Loaded shared library C:\Program Files\JetBrains\IntelliJ IDEA 2023.3.2\bin\breakgen64.dll
Event: 0.633 Loaded shared library C:\Program Files\Java\jdk-19\bin\jimage.dll
Event: 0.691 Loaded shared library C:\Program Files\Java\jdk-19\bin\extnet.dll
Event: 0.780 Loaded shared library C:\Program Files\Java\jdk-19\bin\management.dll
Event: 0.845 Loaded shared library C:\Program Files\Java\jdk-19\bin\management_ext.dll
Event: 3.950 Loaded shared library C:\Program Files\Java\jdk-19\bin\sunmscapi.dll
Event: 9.257 Loaded shared library C:\Program Files\Java\jdk-19\bin\verify.dll

Deoptimization events (18 events):
Event: 1.086 Thread 0x0000022e7e0c9200 DEOPT PACKING pc=0x0000022e081da355 sp=0x000000ac05dfd540
Event: 1.087 Thread 0x0000022e7e0c9200 DEOPT UNPACKING pc=0x0000022e07f07543 sp=0x000000ac05dfc9f0 mode 3
Event: 1.102 Thread 0x0000022e7e0c9200 DEOPT PACKING pc=0x0000022e081eca50 sp=0x000000ac05dfd510
Event: 1.102 Thread 0x0000022e7e0c9200 DEOPT UNPACKING pc=0x0000022e07f07543 sp=0x000000ac05dfc9c8 mode 3
Event: 3.374 Thread 0x0000022e7e0c9200 DEOPT PACKING pc=0x0000022e0840a239 sp=0x000000ac05dfd7e0
Event: 3.374 Thread 0x0000022e7e0c9200 DEOPT UNPACKING pc=0x0000022e07f07543 sp=0x000000ac05dfccc0 mode 3
Event: 7.869 Thread 0x0000022e7e0c9200 DEOPT PACKING pc=0x0000022e086fcc1d sp=0x000000ac05dfc9c0
Event: 7.869 Thread 0x0000022e7e0c9200 DEOPT UNPACKING pc=0x0000022e07f07543 sp=0x000000ac05dfbf28 mode 3
Event: 14.070 Thread 0x0000022e7e0c9200 DEOPT PACKING pc=0x0000022e0886b4f4 sp=0x000000ac05dfd210
Event: 14.070 Thread 0x0000022e7e0c9200 DEOPT UNPACKING pc=0x0000022e07f07543 sp=0x000000ac05dfc698 mode 0
Event: 15.808 Thread 0x0000022e7e0c9200 DEOPT PACKING pc=0x0000022e089aa469 sp=0x000000ac05dfdb90
Event: 15.808 Thread 0x0000022e7e0c9200 DEOPT UNPACKING pc=0x0000022e07f07543 sp=0x000000ac05dfd040 mode 0
Event: 17.232 Thread 0x0000022e7e0c9200 DEOPT PACKING pc=0x0000022e084637a4 sp=0x000000ac05dfca30
Event: 17.232 Thread 0x0000022e7e0c9200 DEOPT UNPACKING pc=0x0000022e07f07543 sp=0x000000ac05dfbf88 mode 0
Event: 20.011 Thread 0x0000022e7e0c9200 DEOPT PACKING pc=0x0000022e0843f6c2 sp=0x000000ac05dfd810
Event: 20.011 Thread 0x0000022e7e0c9200 DEOPT UNPACKING pc=0x0000022e07f07543 sp=0x000000ac05dfcd18 mode 3
Event: 20.012 Thread 0x0000022e7e0c9200 DEOPT PACKING pc=0x0000022e084312dc sp=0x000000ac05dfd7d0
Event: 20.012 Thread 0x0000022e7e0c9200 DEOPT UNPACKING pc=0x0000022e07f07543 sp=0x000000ac05dfcd18 mode 3

Classes loaded (20 events):
Event: 226.614 Loading class com/sun/org/apache/xerces/internal/dom/DeferredTextImpl
Event: 226.615 Loading class com/sun/org/apache/xerces/internal/dom/TextImpl
Event: 226.615 Loading class org/w3c/dom/CharacterData
Event: 226.615 Loading class org/w3c/dom/CharacterData done
Event: 226.615 Loading class org/w3c/dom/Text
Event: 226.615 Loading class org/w3c/dom/Text done
Event: 226.615 Loading class com/sun/org/apache/xerces/internal/dom/TextImpl done
Event: 226.615 Loading class com/sun/org/apache/xerces/internal/dom/DeferredTextImpl done
Event: 226.635 Loading class java/util/SimpleTimeZone
Event: 226.637 Loading class java/util/SimpleTimeZone done
Event: 226.814 Loading class java/util/zip/Deflater
Event: 226.815 Loading class java/util/zip/Deflater done
Event: 226.821 Loading class java/util/zip/Deflater$DeflaterZStreamRef
Event: 226.821 Loading class java/util/zip/Deflater$DeflaterZStreamRef done
Event: 541.077 Loading class java/io/PrintWriter$1
Event: 541.079 Loading class jdk/internal/access/JavaIOPrintWriterAccess
Event: 541.080 Loading class jdk/internal/access/JavaIOPrintWriterAccess done
Event: 541.080 Loading class java/io/PrintWriter$1 done
Event: 791.642 Loading class jdk/internal/loader/BootLoader$PackageHelper
Event: 791.644 Loading class jdk/internal/loader/BootLoader$PackageHelper done

Classes unloaded (20 events):
Event: 813.194 Thread 0x0000022e7f05fb40 Unloading class 0x0000000801701000 'java/lang/invoke/LambdaForm$MH+0x0000000801701000'
Event: 813.194 Thread 0x0000022e7f05fb40 Unloading class 0x0000000801794400 'java/lang/invoke/LambdaForm$MH+0x0000000801794400'
Event: 813.194 Thread 0x0000022e7f05fb40 Unloading class 0x0000000801814800 'java/lang/invoke/LambdaForm$MH+0x0000000801814800'
Event: 813.194 Thread 0x0000022e7f05fb40 Unloading class 0x0000000801815400 'java/lang/invoke/LambdaForm$MH+0x0000000801815400'
Event: 813.194 Thread 0x0000022e7f05fb40 Unloading class 0x0000000801816000 'java/lang/invoke/LambdaForm$MH+0x0000000801816000'
Event: 813.194 Thread 0x0000022e7f05fb40 Unloading class 0x0000000801816c00 'java/lang/invoke/LambdaForm$BMH+0x0000000801816c00'
Event: 813.194 Thread 0x0000022e7f05fb40 Unloading class 0x0000000801994400 'jdk/internal/reflect/GeneratedSerializationConstructorAccessor22'
Event: 813.194 Thread 0x0000022e7f05fb40 Unloading class 0x00000008019a0400 'jdk/internal/reflect/GeneratedSerializationConstructorAccessor21'
Event: 813.194 Thread 0x0000022e7f05fb40 Unloading class 0x00000008019a1000 'jdk/internal/reflect/GeneratedSerializationConstructorAccessor20'
Event: 813.194 Thread 0x0000022e7f05fb40 Unloading class 0x00000008019bc000 'java/lang/invoke/LambdaForm$MH+0x00000008019bc000'
Event: 813.194 Thread 0x0000022e7f05fb40 Unloading class 0x00000008019bdc00 'java/lang/invoke/LambdaForm$MH+0x00000008019bdc00'
Event: 813.194 Thread 0x0000022e7f05fb40 Unloading class 0x00000008019c8800 'java/lang/invoke/LambdaForm$MH+0x00000008019c8800'
Event: 813.194 Thread 0x0000022e7f05fb40 Unloading class 0x00000008019ca000 'java/lang/invoke/LambdaForm$MH+0x00000008019ca000'
Event: 813.194 Thread 0x0000022e7f05fb40 Unloading class 0x00000008019cac00 'java/lang/invoke/LambdaForm$MH+0x00000008019cac00'
Event: 813.194 Thread 0x0000022e7f05fb40 Unloading class 0x00000008019f8400 'java/lang/invoke/LambdaForm$MH+0x00000008019f8400'
Event: 813.194 Thread 0x0000022e7f05fb40 Unloading class 0x0000000801700400 'java/lang/invoke/LambdaForm$MH+0x0000000801700400'
Event: 813.194 Thread 0x0000022e7f05fb40 Unloading class 0x0000000801700000 'java/lang/invoke/LambdaForm$MH+0x0000000801700000'
Event: 813.194 Thread 0x0000022e7f05fb40 Unloading class 0x00000008013b5000 'java/lang/invoke/LambdaForm$MH+0x00000008013b5000'
Event: 813.195 Thread 0x0000022e7f05fb40 Unloading class 0x0000000801365400 'java/lang/invoke/LambdaForm$BMH+0x0000000801365400'
Event: 813.195 Thread 0x0000022e7f05fb40 Unloading class 0x0000000801082000 'java/lang/invoke/LambdaForm$MH+0x0000000801082000'

Classes redefined (0 events):
No events

Internal exceptions (20 events):
Event: 19.989 Thread 0x0000022e7e0c9200 Exception <a 'java/io/FileNotFoundException'{0x000000008e7343e0}> (0x000000008e7343e0) 
thrown [s\open\src\hotspot\share\prims\jni.cpp, line 517]
Event: 19.991 Thread 0x0000022e7e0c9200 Exception <a 'java/io/FileNotFoundException'{0x000000008e73e450}> (0x000000008e73e450) 
thrown [s\open\src\hotspot\share\prims\jni.cpp, line 517]
Event: 21.489 Thread 0x0000022e7e0c9200 Exception <a 'java/lang/IncompatibleClassChangeError'{0x000000008e8b8db8}: Found class java.lang.Object, but interface was expected> (0x000000008e8b8db8) 
thrown [s\open\src\hotspot\share\interpreter\linkResolver.cpp, line 841]
Event: 21.959 Thread 0x0000022e7e0c9200 Exception <a 'sun/nio/fs/WindowsException'{0x000000008e06af40}> (0x000000008e06af40) 
thrown [s\open\src\hotspot\share\prims\jni.cpp, line 517]
Event: 22.079 Thread 0x0000022e7e0c9200 Exception <a 'java/lang/IncompatibleClassChangeError'{0x000000008dda9da8}: Found class java.lang.Object, but interface was expected> (0x000000008dda9da8) 
thrown [s\open\src\hotspot\share\interpreter\linkResolver.cpp, line 841]
Event: 22.344 Thread 0x0000022e7e0c9200 Exception <a 'java/lang/NoSuchMethodError'{0x000000008d3930c8}: 'void java.lang.invoke.DirectMethodHandle$Holder.invokeVirtual(java.lang.Object, java.lang.Object, long)'> (0x000000008d3930c8) 
thrown [s\open\src\hotspot\share\interpreter\linkResolver.cpp, line 774]
Event: 22.354 Thread 0x0000022e7e0c9200 Exception <a 'java/lang/NoSuchMethodError'{0x000000008d3eaeb8}: 'java.lang.Object java.lang.invoke.DirectMethodHandle$Holder.newInvokeSpecial(java.lang.Object, java.lang.Object, int, java.lang.Object, java.lang.Object)'> (0x000000008d3eaeb8) 
thrown [s\open\src\hotspot\share\interpreter\linkResolver.cpp, line 774]
Event: 22.355 Thread 0x0000022e7e0c9200 Exception <a 'java/lang/NoSuchMethodError'{0x000000008d3f6168}: 'java.lang.Object java.lang.invoke.DirectMethodHandle$Holder.invokeSpecial(java.lang.Object, java.lang.Object, int, java.lang.Object, int, java.lang.Object)'> (0x000000008d3f6168) 
thrown [s\open\src\hotspot\share\interpreter\linkResolver.cpp, line 774]
Event: 22.356 Thread 0x0000022e7e0c9200 Exception <a 'java/lang/NoSuchMethodError'{0x000000008d3fdec0}: 'java.lang.Object java.lang.invoke.DirectMethodHandle$Holder.newInvokeSpecial(java.lang.Object, java.lang.Object, int, java.lang.Object, int)'> (0x000000008d3fdec0) 
thrown [s\open\src\hotspot\share\interpreter\linkResolver.cpp, line 774]
Event: 22.357 Thread 0x0000022e7e0c9200 Exception <a 'java/lang/NoSuchMethodError'{0x000000008d202220}: 'java.lang.Object java.lang.invoke.DirectMethodHandle$Holder.invokeSpecial(java.lang.Object, java.lang.Object, java.lang.Object, int, java.lang.Object, int)'> (0x000000008d202220) 
thrown [s\open\src\hotspot\share\interpreter\linkResolver.cpp, line 774]
Event: 22.620 Thread 0x0000022e1527ed80 Exception <a 'java/lang/NoSuchMethodError'{0x000000008cf44f30}: 'java.lang.Object java.lang.invoke.DirectMethodHandle$Holder.invokeInterface(java.lang.Object, java.lang.Object, java.lang.Object, java.lang.Object, java.lang.Object, java.lang.Object, java.lang.Object)'> (0x000000008cf44f30) 
thrown [s\open\src\hotspot\share\interpreter\linkResolver.cpp, line 774]
Event: 53.252 Thread 0x0000022e166ae590 Exception <a 'java/lang/NoSuchMethodError'{0x000000008cd69c98}: 'java.lang.Object java.lang.invoke.DirectMethodHandle$Holder.invokeSpecial(java.lang.Object, java.lang.Object, java.lang.Object, java.lang.Object, java.lang.Object, long)'> (0x000000008cd69c98) 
thrown [s\open\src\hotspot\share\interpreter\linkResolver.cpp, line 774]
Event: 53.252 Thread 0x0000022e166ae590 Exception <a 'java/lang/NoSuchMethodError'{0x000000008cd6d6e8}: 'java.lang.Object java.lang.invoke.Invokers$Holder.linkToTargetMethod(java.lang.Object, java.lang.Object, java.lang.Object, long, java.lang.Object)'> (0x000000008cd6d6e8) 
thrown [s\open\src\hotspot\share\interpreter\linkResolver.cpp, line 774]
Event: 53.620 Thread 0x0000022e166ae040 Exception <a 'java/lang/NoSuchMethodError'{0x0000000090b0ed18}: 'java.lang.Object java.lang.invoke.DirectMethodHandle$Holder.invokeInterface(java.lang.Object, java.lang.Object, java.lang.Object, java.lang.Object)'> (0x0000000090b0ed18) 
thrown [s\open\src\hotspot\share\interpreter\linkResolver.cpp, line 774]
Event: 53.643 Thread 0x0000022e166ae040 Exception <a 'java/lang/NoSuchMethodError'{0x0000000090b75c70}: 'void java.lang.invoke.DirectMethodHandle$Holder.invokeSpecialIFC(java.lang.Object, java.lang.Object, int, java.lang.Object, java.lang.Object, java.lang.Object, java.lang.Object)'> (0x0000000090b75c70) 
thrown [s\open\src\hotspot\share\interpreter\linkResolver.cpp, line 774]
Event: 53.761 Thread 0x0000022e166ae040 Exception <a 'java/lang/NoSuchMethodError'{0x000000008f2b4c20}: 'void java.lang.invoke.Invokers$Holder.invokeExact_MT(java.lang.Object, java.lang.Object, int, java.lang.Object)'> (0x000000008f2b4c20) 
thrown [s\open\src\hotspot\share\interpreter\linkResolver.cpp, line 774]
Event: 225.947 Thread 0x0000022e166abb10 Exception <a 'java/lang/NoSuchMethodError'{0x000000009b4eed18}: 'long java.lang.invoke.DirectMethodHandle$Holder.invokeStatic(java.lang.Object, java.lang.Object, int)'> (0x000000009b4eed18) 
thrown [s\open\src\hotspot\share\interpreter\linkResolver.cpp, line 774]
Event: 225.949 Thread 0x0000022e166abb10 Exception <a 'java/lang/NoSuchMethodError'{0x000000009b4f9ad8}: 'java.lang.Object java.lang.invoke.DelegatingMethodHandle$Holder.reinvoke_L(java.lang.Object, int, long, java.lang.Object, java.lang.Object, int, java.lang.Object)'> (0x000000009b4f9ad8) 
thrown [s\open\src\hotspot\share\interpreter\linkResolver.cpp, line 774]
Event: 228.621 Thread 0x0000022e166abb10 Exception <a 'java/lang/NoSuchMethodError'{0x000000009aa88888}: 'int java.lang.invoke.Invokers$Holder.invokeExact_MT(java.lang.Object, java.lang.Object, java.lang.Object)'> (0x000000009aa88888) 
thrown [s\open\src\hotspot\share\interpreter\linkResolver.cpp, line 774]
Event: 228.695 Thread 0x0000022e166abb10 Exception <a 'java/lang/NoSuchMethodError'{0x000000009a962d70}: 'void java.lang.invoke.DirectMethodHandle$Holder.invokeStatic(java.lang.Object, int, java.lang.Object, java.lang.Object, java.lang.Object, java.lang.Object)'> (0x000000009a962d70) 
thrown [s\open\src\hotspot\share\interpreter\linkResolver.cpp, line 774]

VM Operations (20 events):
Event: 801.726 Executing VM operation: Cleanup done
Event: 809.788 Executing VM operation: Cleanup
Event: 809.881 Executing VM operation: Cleanup done
Event: 810.246 Executing VM operation: G1CollectForAllocation
Event: 810.299 Executing VM operation: G1CollectForAllocation done
Event: 810.370 Executing VM operation: G1CollectForAllocation
Event: 810.413 Executing VM operation: G1CollectForAllocation done
Event: 812.948 Executing VM operation: G1CollectForAllocation
Event: 812.960 Executing VM operation: G1CollectForAllocation done
Event: 813.191 Executing VM operation: G1PauseRemark
Event: 813.422 Executing VM operation: G1PauseRemark done
Event: 813.632 Executing VM operation: G1PauseCleanup
Event: 813.850 Executing VM operation: G1PauseCleanup done
Event: 814.865 Executing VM operation: Cleanup
Event: 814.865 Executing VM operation: Cleanup done
Event: 858.493 Executing VM operation: G1CollectForAllocation
Event: 858.501 Executing VM operation: G1CollectForAllocation done
Event: 858.569 Executing VM operation: G1CollectForAllocation
Event: 858.589 Executing VM operation: G1CollectForAllocation done
Event: 858.841 Executing VM operation: G1CollectForAllocation

Events (20 events):
Event: 22.629 Thread 0x0000022e16e8ab20 Thread exited: 0x0000022e16e8ab20
Event: 22.631 Thread 0x0000022e16e8a5d0 Thread added: 0x0000022e16e8a5d0
Event: 22.650 Thread 0x0000022e16e8a5d0 Thread exited: 0x0000022e16e8a5d0
Event: 27.648 Thread 0x0000022e16cc1020 Thread exited: 0x0000022e16cc1020
Event: 27.648 Thread 0x0000022e14c9f1a0 Thread exited: 0x0000022e14c9f1a0
Event: 53.588 Thread 0x0000022e14c9f1a0 Thread added: 0x0000022e14c9f1a0
Event: 53.589 Thread 0x0000022e175159c0 Thread added: 0x0000022e175159c0
Event: 56.009 Thread 0x0000022e175159c0 Thread exited: 0x0000022e175159c0
Event: 57.799 Thread 0x0000022e14c9f1a0 Thread exited: 0x0000022e14c9f1a0
Event: 57.824 Thread 0x0000022e14c9f1a0 Thread added: 0x0000022e14c9f1a0
Event: 65.499 Thread 0x0000022e14c9f1a0 Thread exited: 0x0000022e14c9f1a0
Event: 151.084 Thread 0x0000022e1527ed80 Thread exited: 0x0000022e1527ed80
Event: 463.416 Thread 0x0000022e16d320d0 Thread added: 0x0000022e16d320d0
Event: 463.417 Thread 0x0000022e17935850 Thread added: 0x0000022e17935850
Event: 468.544 Thread 0x0000022e17935850 Thread exited: 0x0000022e17935850
Event: 468.544 Thread 0x0000022e16d320d0 Thread exited: 0x0000022e16d320d0
Event: 791.778 Thread 0x0000022e16d320d0 Thread added: 0x0000022e16d320d0
Event: 791.778 Thread 0x0000022e150c8cb0 Thread added: 0x0000022e150c8cb0
Event: 796.860 Thread 0x0000022e150c8cb0 Thread exited: 0x0000022e150c8cb0
Event: 806.282 Thread 0x0000022e16d320d0 Thread exited: 0x0000022e16d320d0


Dynamic libraries:
0x00007ff775ae0000 - 0x00007ff775af0000 	C:\Program Files\Java\jdk-19\bin\java.exe
0x00007ffba3e50000 - 0x00007ffba4048000 	C:\WINDOWS\SYSTEM32\ntdll.dll
0x00007ffba3060000 - 0x00007ffba311d000 	C:\WINDOWS\System32\KERNEL32.DLL
0x00007ffba1660000 - 0x00007ffba1956000 	C:\WINDOWS\System32\KERNELBASE.dll
0x00007ffba1c50000 - 0x00007ffba1d50000 	C:\WINDOWS\System32\ucrtbase.dll
0x00007ffb7b4a0000 - 0x00007ffb7b4b8000 	C:\Program Files\Java\jdk-19\bin\jli.dll
0x00007ffba2160000 - 0x00007ffba220f000 	C:\WINDOWS\System32\ADVAPI32.dll
0x00007ffba20c0000 - 0x00007ffba215e000 	C:\WINDOWS\System32\msvcrt.dll
0x00007ffba3c40000 - 0x00007ffba3cdc000 	C:\WINDOWS\System32\sechost.dll
0x00007ffba3ce0000 - 0x00007ffba3e06000 	C:\WINDOWS\System32\RPCRT4.dll
0x00007ffba2320000 - 0x00007ffba24be000 	C:\WINDOWS\System32\USER32.dll
0x00007ffba1ad0000 - 0x00007ffba1af2000 	C:\WINDOWS\System32\win32u.dll
0x00007ffba3120000 - 0x00007ffba314c000 	C:\WINDOWS\System32\GDI32.dll
0x00007ffba1b00000 - 0x00007ffba1c1a000 	C:\WINDOWS\System32\gdi32full.dll
0x00007ffba15c0000 - 0x00007ffba165d000 	C:\WINDOWS\System32\msvcp_win.dll
0x00007ffb98370000 - 0x00007ffb9838b000 	C:\Program Files\Java\jdk-19\bin\VCRUNTIME140.dll
0x00007ffb7f730000 - 0x00007ffb7f9ca000 	C:\WINDOWS\WinSxS\amd64_microsoft.windows.common-controls_6595b64144ccf1df_6.0.19041.3636_none_60b6a03d71f818d5\COMCTL32.dll
0x00007ffba10a0000 - 0x00007ffba10aa000 	C:\WINDOWS\SYSTEM32\VERSION.dll
0x00007ffba24c0000 - 0x00007ffba24f0000 	C:\WINDOWS\System32\IMM32.DLL
0x000000006c7c0000 - 0x000000006c7cc000 	C:\Program Files (x86)\360\Total Security\safemon\SafeWrapper.dll
0x00007ffb96500000 - 0x00007ffb96592000 	C:\Program Files (x86)\360\Total Security\safemon\libzdtp64.dll
0x00007ffba3490000 - 0x00007ffba3bd5000 	C:\WINDOWS\System32\SHELL32.dll
0x00007ffba3150000 - 0x00007ffba31a5000 	C:\WINDOWS\System32\SHLWAPI.dll
0x00007ffb99450000 - 0x00007ffb9945c000 	C:\Program Files\Java\jdk-19\bin\vcruntime140_1.dll
0x00007ffb5f210000 - 0x00007ffb5f29e000 	C:\Program Files\Java\jdk-19\bin\msvcp140.dll
0x00007ffb55960000 - 0x00007ffb56620000 	C:\Program Files\Java\jdk-19\bin\server\jvm.dll
0x00007ffb98d40000 - 0x00007ffb98d67000 	C:\WINDOWS\SYSTEM32\WINMM.dll
0x00007ffb98150000 - 0x00007ffb98159000 	C:\WINDOWS\SYSTEM32\WSOCK32.dll
0x00007ffba2ff0000 - 0x00007ffba305b000 	C:\WINDOWS\System32\WS2_32.dll
0x00007ffb9f380000 - 0x00007ffb9f392000 	C:\WINDOWS\SYSTEM32\kernel.appcore.dll
0x00007ffb965a0000 - 0x00007ffb965aa000 	C:\Program Files\Java\jdk-19\bin\jimage.dll
0x00007ffb9b460000 - 0x00007ffb9b644000 	C:\WINDOWS\SYSTEM32\DBGHELP.DLL
0x00007ffb97620000 - 0x00007ffb97654000 	C:\WINDOWS\SYSTEM32\dbgcore.DLL
0x00007ffba1530000 - 0x00007ffba15b2000 	C:\WINDOWS\System32\bcryptPrimitives.dll
0x00007ffb994b0000 - 0x00007ffb994be000 	C:\Program Files\Java\jdk-19\bin\instrument.dll
0x00007ffb6e660000 - 0x00007ffb6e686000 	C:\Program Files\Java\jdk-19\bin\java.dll
0x00007ffb5f130000 - 0x00007ffb5f207000 	C:\Program Files\Java\jdk-19\bin\jsvml.dll
0x00007ffb9f580000 - 0x00007ffb9fd1b000 	C:\WINDOWS\SYSTEM32\windows.storage.dll
0x00007ffba2570000 - 0x00007ffba28c4000 	C:\WINDOWS\System32\combase.dll
0x00007ffba0f00000 - 0x00007ffba0f2d000 	C:\WINDOWS\SYSTEM32\Wldp.dll
0x00007ffba28e0000 - 0x00007ffba298d000 	C:\WINDOWS\System32\SHCORE.dll
0x00007ffba1460000 - 0x00007ffba1485000 	C:\WINDOWS\SYSTEM32\profapi.dll
0x00007ffb69c40000 - 0x00007ffb69c58000 	C:\Program Files\Java\jdk-19\bin\zip.dll
0x00007ffb6a8e0000 - 0x00007ffb6a8f3000 	C:\Program Files\Java\jdk-19\bin\net.dll
0x00007ffb951d0000 - 0x00007ffb952da000 	C:\WINDOWS\SYSTEM32\WINHTTP.dll
0x00007ffba0c60000 - 0x00007ffba0cca000 	C:\WINDOWS\system32\mswsock.dll
0x00007ffb6a280000 - 0x00007ffb6a296000 	C:\Program Files\Java\jdk-19\bin\nio.dll
0x00007ffb98480000 - 0x00007ffb9849a000 	C:\Program Files\JetBrains\IntelliJ IDEA 2023.3.2\bin\breakgen64.dll
0x00007ffb97a20000 - 0x00007ffb97a28000 	C:\Program Files\Java\jdk-19\bin\extnet.dll
0x00007ffba0940000 - 0x00007ffba0a0a000 	C:\WINDOWS\SYSTEM32\DNSAPI.dll
0x00007ffba0900000 - 0x00007ffba093b000 	C:\WINDOWS\SYSTEM32\IPHLPAPI.DLL
0x00007ffba2550000 - 0x00007ffba2558000 	C:\WINDOWS\System32\NSI.dll
0x00007ffb94ec0000 - 0x00007ffb94eca000 	C:\Windows\System32\rasadhlp.dll
0x00007ffb94de0000 - 0x00007ffb94e60000 	C:\WINDOWS\System32\fwpuclnt.dll
0x00007ffba1c20000 - 0x00007ffba1c47000 	C:\WINDOWS\System32\bcrypt.dll
0x00007ffb96800000 - 0x00007ffb9680a000 	C:\Program Files\Java\jdk-19\bin\management.dll
0x00007ffb966a0000 - 0x00007ffb966ab000 	C:\Program Files\Java\jdk-19\bin\management_ext.dll
0x00007ffba2560000 - 0x00007ffba2568000 	C:\WINDOWS\System32\PSAPI.DLL
0x00007ffba0e50000 - 0x00007ffba0e68000 	C:\WINDOWS\SYSTEM32\CRYPTSP.dll
0x00007ffba0520000 - 0x00007ffba0554000 	C:\WINDOWS\system32\rsaenh.dll
0x00007ffba13e0000 - 0x00007ffba140e000 	C:\WINDOWS\SYSTEM32\USERENV.dll
0x00007ffba0e70000 - 0x00007ffba0e7c000 	C:\WINDOWS\SYSTEM32\CRYPTBASE.dll
0x00007ffb96750000 - 0x00007ffb96767000 	C:\WINDOWS\SYSTEM32\dhcpcsvc6.DLL
0x00007ffb966f0000 - 0x00007ffb9670d000 	C:\WINDOWS\SYSTEM32\dhcpcsvc.DLL
0x00007ffb7efd0000 - 0x00007ffb7efe7000 	C:\WINDOWS\system32\napinsp.dll
0x00007ffb7efb0000 - 0x00007ffb7efcb000 	C:\WINDOWS\system32\pnrpnsp.dll
0x00007ffb7ef90000 - 0x00007ffb7efa5000 	C:\WINDOWS\system32\wshbth.dll
0x00007ffb97950000 - 0x00007ffb9796d000 	C:\WINDOWS\system32\NLAapi.dll
0x00007ffb7ef70000 - 0x00007ffb7ef82000 	C:\WINDOWS\System32\winrnr.dll
0x00007ffb98190000 - 0x00007ffb9819e000 	C:\Program Files\Java\jdk-19\bin\sunmscapi.dll
0x00007ffba1d50000 - 0x00007ffba1ead000 	C:\WINDOWS\System32\CRYPT32.dll
0x00007ffba0f70000 - 0x00007ffba0f97000 	C:\WINDOWS\SYSTEM32\ncrypt.dll
0x00007ffba0f30000 - 0x00007ffba0f6b000 	C:\WINDOWS\SYSTEM32\NTASN1.dll
0x00007ffb98760000 - 0x00007ffb98770000 	C:\Program Files\Java\jdk-19\bin\verify.dll
0x00007ffb95080000 - 0x00007ffb95087000 	C:\WINDOWS\system32\wshunix.dll

dbghelp: loaded successfully - version: 4.0.5 - missing functions: none
symbol engine: initialized successfully - sym options: 0x614 - pdb path: .;C:\Program Files\Java\jdk-19\bin;C:\WINDOWS\SYSTEM32;C:\WINDOWS\WinSxS\amd64_microsoft.windows.common-controls_6595b64144ccf1df_6.0.19041.3636_none_60b6a03d71f818d5;C:\Program Files (x86)\360\Total Security\safemon;C:\Program Files\Java\jdk-19\bin\server;C:\Program Files\JetBrains\IntelliJ IDEA 2023.3.2\bin

VM Arguments:
jvm_args: -XX:TieredStopAtLevel=1 -Dspring.output.ansi.enabled=always -Dcom.sun.management.jmxremote -Dspring.jmx.enabled=true -Dspring.liveBeansView.mbeanDomain -Dspring.application.admin.enabled=true -Dmanagement.endpoints.jmx.exposure.include=* -javaagent:C:\Program Files\JetBrains\IntelliJ IDEA 2023.3.2\lib\idea_rt.jar=59846:C:\Program Files\JetBrains\IntelliJ IDEA 2023.3.2\bin -Dfile.encoding=UTF-8 -Dsun.stdout.encoding=UTF-8 -Dsun.stderr.encoding=UTF-8 
java_command: com.prjt.egalisation.EgalisationApplication
java_class_path (initial): D:\IID2\JAVAEE\Egalisation\target\classes;C:\Users\hp\.m2\repository\org\springframework\boot\spring-boot-starter-data-jpa\3.2.0\spring-boot-starter-data-jpa-3.2.0.jar;C:\Users\hp\.m2\repository\org\springframework\boot\spring-boot-starter-aop\3.2.0\spring-boot-starter-aop-3.2.0.jar;C:\Users\hp\.m2\repository\org\springframework\spring-aop\6.1.1\spring-aop-6.1.1.jar;C:\Users\hp\.m2\repository\org\aspectj\aspectjweaver\1.9.20.1\aspectjweaver-1.9.20.1.jar;C:\Users\hp\.m2\repository\org\springframework\boot\spring-boot-starter-jdbc\3.2.0\spring-boot-starter-jdbc-3.2.0.jar;C:\Users\hp\.m2\repository\com\zaxxer\HikariCP\5.0.1\HikariCP-5.0.1.jar;C:\Users\hp\.m2\repository\org\springframework\spring-jdbc\6.1.1\spring-jdbc-6.1.1.jar;C:\Users\hp\.m2\repository\org\hibernate\orm\hibernate-core\6.3.1.Final\hibernate-core-6.3.1.Final.jar;C:\Users\hp\.m2\repository\jakarta\persistence\jakarta.persistence-api\3.1.0\jakarta.persistence-api-3.1.0.jar;C:\Users\hp\.m2\repository\jakarta\transaction\jakarta.transaction-api\2.0.1\jakarta.transaction-api-2.0.1.jar;C:\Users\hp\.m2\repository\org\jboss\logging\jboss-logging\3.5.3.Final\jboss-logging-3.5.3.Final.jar;C:\Users\hp\.m2\repository\org\hibernate\common\hibernate-commons-annotations\6.0.6.Final\hibernate-commons-annotations-6.0.6.Final.jar;C:\Users\hp\.m2\repository\io\smallrye\jandex\3.1.2\jandex-3.1.2.jar;C:\Users\hp\.m2\repository\com\fasterxml\classmate\1.6.0\classmate-1.6.0.jar;C:\Users\hp\.m2\repository\net\bytebuddy\byte-buddy\1.14.10\byte-buddy-1.14.10.jar;C:\Users\hp\.m2\repository\org\glassfish\jaxb\jaxb-runtime\4.0.4\jaxb-runtime-4.0.4.jar;C:\Users\hp\.m2\repository\org\glassfish\jaxb\jaxb-core\4.0.4\jaxb-core-4.0.4.jar;C:\Users\hp\.m2\repository\org\glassfish\jaxb\txw2\4.0.4\txw2-4.0.4.jar;C:\Users\hp\.m2\repository\com\sun\istack\istack-commons-runtime\4.1.2\istack-commons-runtime-4.1.2.jar;C:\Users\hp\.m2\repository\jakarta\inject\jakarta.inject-api\2.0.1\jakarta.inject-api-2.0.1.jar;C:\Users\hp\.m2\repository\org\antlr\antlr4-runtime\4.10.1\antlr4-runtime-4.10.1.jar;C:\Users\hp\.m2\repository\org\springframework\data\spring-data-jpa\3.2.0\spring-data-jpa-3.2.0.jar;C:\Users\hp\.m2\repository\org\springframework\data\spring-data-commons\3.2.0\spring-data-commons-3.2.0.jar;C:\Users\hp\.m2\repository\org\springframework\spring-orm\6.1.1\spring-orm-6.1.1.jar;C:\Users\hp\.m2\repository\org\springframework\spring-context\6.1.1\spring-context-6.1.1.jar;C:\Users\hp\.m2\repository\org\springframework\spring-tx\6.1.1\spring-tx-6.1.1.jar;C:\Users\hp\.m2\repository\org\springframework\spring-beans\6.1.1\spring-beans-6.1.1.jar;C:\Users\hp\.m2\repository\jakarta\annotation\jakarta.annotation-api\2.1.1\jakarta.annotation-api-2.1.1.jar;C:\Users\hp\.m2\repository\org\springframework\spring-aspects\6.1.1\spring-aspects-6.1.1.jar;C:\Users\hp\.m2\repository\org\springframework\boot\spring-boot-starter-web\3.2.0\spring-boot-starter-web-3.2.0.jar;C:\Users\hp\.m2\repository\org\springframework\boot\spring-boot-starter\3.2.0\spring-boot-starter-3.2.0.jar;C:\Users\hp\.m2\repository\org\springframework\boot\spring-boot\3.2.0\spring-boot-3.2.0.jar;C:\Users\hp\.m2\repository\org\springframework\boot\spring-boot-autoconfigure\3.2.0\spring-boot-autoconfigure-3.2.0.jar;C:\Users\hp\.m2\repository\org\springframework\boot\spring-boot-starter-logging\3.2.0\spring-boot-starter-logging-3.2.0.jar;C:\Users\hp\.m2\repository\ch\qos\logback\logback-classic\1.4.11\logback-classic-1.4.11.jar;C:\Users\hp\.m2\repository\ch\qos\logback\logback-core\1.4.11\logback-core-1.4.11.jar;C:\Users\hp\.m2\repository\org\apache\logging\log4j\log4j-to-slf4j\2.21.1\log4j-to-slf4j-2.21.1.jar;C:\Users\hp\.m2\repository\org\apache\logging\log4j\log4j-api\2.21.1\log4j-api-2.21.1.jar;C:\Users\hp\.m2\repository\org\slf4j\jul-to-slf4j\2.0.9\jul-to-slf4j-2.0.9.jar;C:\Users\hp\.m2\repository\org\yaml\snakeyaml\2.2\snakeyaml-2.2.jar;C:\Users\hp\.m2\repository\org\springframework\boot\spring-boot-starter-json\3.2.0\spring-boot-starter-json-3.2.0.jar;C:\Users\hp\.m2\repository\com\fasterxml\jackson\core\jackson-databind\2.15.3\jackson-databind-2.15.3.jar;C:\Users\hp\.m2\repository\com\fasterxml\jackson\core\jackson-annotations\2.15.3\jackson-annotations-2.15.3.jar;C:\Users\hp\.m2\repository\com\fasterxml\jackson\core\jackson-core\2.15.3\jackson-core-2.15.3.jar;C:\Users\hp\.m2\repository\com\fasterxml\jackson\datatype\jackson-datatype-jdk8\2.15.3\jackson-datatype-jdk8-2.15.3.jar;C:\Users\hp\.m2\repository\com\fasterxml\jackson\datatype\jackson-datatype-jsr310\2.15.3\jackson-datatype-jsr310-2.15.3.jar;C:\Users\hp\.m2\repository\com\fasterxml\jackson\module\jackson-module-parameter-names\2.15.3\jackson-module-parameter-names-2.15.3.jar;C:\Users\hp\.m2\repository\org\springframework\boot\spring-boot-starter-tomcat\3.2.0\spring-boot-starter-tomcat-3.2.0.jar;C:\Users\hp\.m2\repository\org\apache\tomcat\embed\tomcat-embed-core\10.1.16\tomcat-embed-core-10.1.16.jar;C:\Users\hp\.m2\repository\org\apache\tomcat\embed\tomcat-embed-el\10.1.16\tomcat-embed-el-10.1.16.jar;C:\Users\hp\.m2\repository\org\apache\tomcat\embed\tomcat-embed-websocket\10.1.16\tomcat-embed-websocket-10.1.16.jar;C:\Users\hp\.m2\repository\org\springframework\spring-web\6.1.1\spring-web-6.1.1.jar;C:\Users\hp\.m2\repository\io\micrometer\micrometer-observation\1.12.0\micrometer-observation-1.12.0.jar;C:\Users\hp\.m2\repository\io\micrometer\micrometer-commons\1.12.0\micrometer-commons-1.12.0.jar;C:\Users\hp\.m2\repository\org\springframework\spring-webmvc\6.1.1\spring-webmvc-6.1.1.jar;C:\Users\hp\.m2\repository\org\springframework\spring-expression\6.1.1\spring-expression-6.1.1.jar;C:\Users\hp\.m2\repository\com\itextpdf\kernel\7.1.17\kernel-7.1.17.jar;C:\Users\hp\.m2\repository\com\itextpdf\io\7.1.17\io-7.1.17.jar;C:\Users\hp\.m2\repository\org\bouncycastle\bcpkix-jdk15on\1.68\bcpkix-jdk15on-1.68.jar;C:\Users\hp\.m2\repository\org\bouncycastle\bcprov-jdk15on\1.68\bcprov-jdk15on-1.68.jar;C:\Users\hp\.m2\repository\org\slf4j\slf4j-api\2.0.9\slf4j-api-2.0.9.jar;C:\Users\hp\.m2\repository\com\itextpdf\layout\7.1.17\layout-7.1.17.jar;C:\Users\hp\.m2\repository\org\springframework\boot\spring-boot-starter-mail\3.2.0\spring-boot-starter-mail-3.2.0.jar;C:\Users\hp\.m2\repository\org\springframework\spring-context-support\6.1.1\spring-context-support-6.1.1.jar;C:\Users\hp\.m2\repository\org\eclipse\angus\jakarta.mail\2.0.2\jakarta.mail-2.0.2.jar;C:\Users\hp\.m2\repository\jakarta\activation\jakarta.activation-api\2.1.2\jakarta.activation-api-2.1.2.jar;C:\Users\hp\.m2\repository\org\eclipse\angus\angus-activation\2.0.1\angus-activation-2.0.1.jar;C:\Users\hp\.m2\repository\com\mysql\mysql-connector-j\8.1.0\mysql-connector-j-8.1.0.jar;C:\Users\hp\.m2\repository\org\projectlombok\lombok\1.18.30\lombok-1.18.30.jar;C:\Users\hp\.m2\repository\jakarta\xml\bind\jakarta.xml.bind-api\4.0.1\jakarta.xml.bind-api-4.0.1.jar;C:\Users\hp\.m2\repository\org\springframework\spring-core\6.1.1\spring-core-6.1.1.jar;C:\Users\hp\.m2\repository\org\springframework\spring-jcl\6.1.1\spring-jcl-6.1.1.jar
Launcher Type: SUN_STANDARD

[Global flags]
     intx CICompilerCount                          = 3                                         {product} {ergonomic}
     uint ConcGCThreads                            = 1                                         {product} {ergonomic}
     uint G1ConcRefinementThreads                  = 4                                         {product} {ergonomic}
   size_t G1HeapRegionSize                         = 1048576                                   {product} {ergonomic}
    uintx GCDrainStackTargetSize                   = 64                                        {product} {ergonomic}
   size_t InitialHeapSize                          = 125829120                                 {product} {ergonomic}
     bool ManagementServer                         = true                                      {product} {command line}
   size_t MarkStackSize                            = 4194304                                   {product} {ergonomic}
   size_t MaxHeapSize                              = 1992294400                                {product} {ergonomic}
   size_t MaxNewSize                               = 1195376640                                {product} {ergonomic}
   size_t MinHeapDeltaBytes                        = 1048576                                   {product} {ergonomic}
   size_t MinHeapSize                              = 8388608                                   {product} {ergonomic}
    uintx NonProfiledCodeHeapSize                  = 0                                      {pd product} {ergonomic}
     bool ProfileInterpreter                       = false                                  {pd product} {command line}
    uintx ProfiledCodeHeapSize                     = 0                                      {pd product} {ergonomic}
   size_t SoftMaxHeapSize                          = 1992294400                             {manageable} {ergonomic}
     intx TieredStopAtLevel                        = 1                                         {product} {command line}
     bool UseCompressedClassPointers               = true                           {product lp64_product} {ergonomic}
     bool UseCompressedOops                        = true                           {product lp64_product} {ergonomic}
     bool UseG1GC                                  = true                                      {product} {ergonomic}
     bool UseLargePagesIndividualAllocation        = false                                  {pd product} {ergonomic}

Logging:
Log output configuration:
 #0: stdout all=warning uptime,level,tags foldmultilines=false
 #1: stderr all=off uptime,level,tags foldmultilines=false

Environment Variables:
JAVA_HOME=C:\Program Files\Java\jdk-19
PATH=C:\Program Files\Common Files\Oracle\Java\javapath;"C:\Program Files\Common Files\Oracle\Java\javapath;C:\Program Files\Java\jdk-19\bin";C:\Program Files (x86)\VMware\VMware Player\bin\;C:\WINDOWS\system32;C:\WINDOWS;C:\WINDOWS\System32\Wbem;C:\WINDOWS\System32\WindowsPowerShell\v1.0\;C:\WINDOWS\System32\OpenSSH\;C:\Users\hp\AppData\Local\Programs\Python\Python310\;C:\msys64\mingw64\bin;C:\Program Files\nodejs\;C:\Program Files\Java\jdk-19;C:\Users\hp\AppData\Local\Programs\Microsoft VS Code\bin;C:\Users\hp\AppData\Local\Programs\Python\Python310\;C:\Users\hp\AppData\Roaming\npm
USERNAME=hp
OS=Windows_NT
PROCESSOR_IDENTIFIER=Intel64 Family 6 Model 78 Stepping 3, GenuineIntel
TMP=C:\Users\hp\AppData\Local\Temp
TEMP=C:\Users\hp\AppData\Local\Temp



---------------  S Y S T E M  ---------------

OS:
 Windows 10 , 64 bit Build 19041 (10.0.19041.3636)
OS uptime: 4 days 23:17 hours

CPU: total 4 (initial active 4) (2 cores per cpu, 2 threads per core) family 6 model 78 stepping 3 microcode 0xcc, cx8, cmov, fxsr, ht, mmx, 3dnowpref, sse, sse2, sse3, ssse3, sse4.1, sse4.2, popcnt, lzcnt, tsc, tscinvbit, avx, avx2, aes, erms, clmul, bmi1, bmi2, rtm, adx, fma, vzeroupper, clflush, clflushopt, rdtscp

Memory: 4k page, system-wide physical 7592M (382M free)
TotalPageFile size 23056M (AvailPageFile size 355M)
current process WorkingSet (physical memory assigned to process): 380M, peak: 416M
current process commit charge ("private bytes"): 508M, peak: 1108M

vm_info: Java HotSpot(TM) 64-Bit Server VM (19.0.2+7-44) for windows-amd64 JRE (19.0.2+7-44), built on 2022-11-30T18:02:09Z by "mach5one" with MS VC++ 17.1 (VS2022)

END.
